This file contains any messages produced by compilers while
running configure, to aid debugging if configure makes a mistake.

It was created by mm configure 0.1, which was
generated by GNU Autoconf 2.69.  Invocation command line was

  $ /home/denis/AnjutaProject/mm/configure --enable-maintainer-mode

## --------- ##
## Platform. ##
## --------- ##

hostname = denis-Inspiron-15-3567
uname -m = x86_64
uname -r = 5.11.0-37-generic
uname -s = Linux
uname -v = #41~20.04.2-Ubuntu SMP Fri Sep 24 09:06:38 UTC 2021

/usr/bin/uname -p = x86_64
/bin/uname -X     = unknown

/bin/arch              = x86_64
/usr/bin/arch -k       = unknown
/usr/convex/getsysinfo = unknown
/usr/bin/hostinfo      = unknown
/bin/machine           = unknown
/usr/bin/oslevel       = unknown
/bin/universe          = unknown

PATH: /usr/local/sbin
PATH: /usr/local/bin
PATH: /usr/sbin
PATH: /usr/bin
PATH: /sbin
PATH: /bin
PATH: /usr/games
PATH: /usr/local/games
PATH: /snap/bin


## ----------- ##
## Core tests. ##
## ----------- ##

configure:2470: checking for a BSD-compatible install
configure:2538: result: /usr/bin/install -c
configure:2549: checking whether build environment is sane
configure:2604: result: yes
configure:2753: checking for a thread-safe mkdir -p
configure:2792: result: /usr/bin/mkdir -p
configure:2799: checking for gawk
configure:2829: result: no
configure:2799: checking for mawk
configure:2815: found /usr/bin/mawk
configure:2826: result: mawk
configure:2837: checking whether make sets $(MAKE)
configure:2859: result: yes
configure:2888: checking whether make supports nested variables
configure:2905: result: yes
configure:3043: checking whether make supports nested variables
configure:3060: result: yes
configure:3130: checking for g++
configure:3146: found /usr/bin/g++
configure:3157: result: g++
configure:3184: checking for C++ compiler version
configure:3193: g++ --version >&5
g++ (Ubuntu 9.3.0-17ubuntu1~20.04) 9.3.0
Copyright (C) 2019 Free Software Foundation, Inc.
This is free software; see the source for copying conditions.  There is NO
warranty; not even for MERCHANTABILITY or FITNESS FOR A PARTICULAR PURPOSE.

configure:3204: $? = 0
configure:3193: g++ -v >&5
Using built-in specs.
COLLECT_GCC=g++
COLLECT_LTO_WRAPPER=/usr/lib/gcc/x86_64-linux-gnu/9/lto-wrapper
OFFLOAD_TARGET_NAMES=nvptx-none:hsa
OFFLOAD_TARGET_DEFAULT=1
Target: x86_64-linux-gnu
Configured with: ../src/configure -v --with-pkgversion='Ubuntu 9.3.0-17ubuntu1~20.04' --with-bugurl=file:///usr/share/doc/gcc-9/README.Bugs --enable-languages=c,ada,c++,go,brig,d,fortran,objc,obj-c++,gm2 --prefix=/usr --with-gcc-major-version-only --program-suffix=-9 --program-prefix=x86_64-linux-gnu- --enable-shared --enable-linker-build-id --libexecdir=/usr/lib --without-included-gettext --enable-threads=posix --libdir=/usr/lib --enable-nls --enable-clocale=gnu --enable-libstdcxx-debug --enable-libstdcxx-time=yes --with-default-libstdcxx-abi=new --enable-gnu-unique-object --disable-vtable-verify --enable-plugin --enable-default-pie --with-system-zlib --with-target-system-zlib=auto --enable-objc-gc=auto --enable-multiarch --disable-werror --with-arch-32=i686 --with-abi=m64 --with-multilib-list=m32,m64,mx32 --enable-multilib --with-tune=generic --enable-offload-targets=nvptx-none=/build/gcc-9-HskZEa/gcc-9-9.3.0/debian/tmp-nvptx/usr,hsa --without-cuda-driver --enable-checking=release --build=x86_64-linux-gnu --host=x86_64-linux-gnu --target=x86_64-linux-gnu
Thread model: posix
gcc version 9.3.0 (Ubuntu 9.3.0-17ubuntu1~20.04) 
configure:3204: $? = 0
configure:3193: g++ -V >&5
g++: error: unrecognized command line option '-V'
g++: fatal error: no input files
compilation terminated.
configure:3204: $? = 1
configure:3193: g++ -qversion >&5
g++: error: unrecognized command line option '-qversion'; did you mean '--version'?
g++: fatal error: no input files
compilation terminated.
configure:3204: $? = 1
configure:3224: checking whether the C++ compiler works
configure:3246: g++    conftest.cpp  >&5
configure:3250: $? = 0
configure:3298: result: yes
configure:3301: checking for C++ compiler default output file name
configure:3303: result: a.out
configure:3309: checking for suffix of executables
configure:3316: g++ -o conftest    conftest.cpp  >&5
configure:3320: $? = 0
configure:3342: result: 
configure:3364: checking whether we are cross compiling
configure:3372: g++ -o conftest    conftest.cpp  >&5
configure:3376: $? = 0
configure:3383: ./conftest
configure:3387: $? = 0
configure:3375: result: no
configure:3380: checking for suffix of object files
configure:3402: g++ -c   conftest.cpp >&5
configure:3406: $? = 0
configure:3427: result: o
configure:3431: checking whether we are using the GNU C++ compiler
configure:3450: g++ -c   conftest.cpp >&5
configure:3450: $? = 0
configure:3459: result: yes
configure:3468: checking whether g++ accepts -g
configure:3488: g++ -c -g  conftest.cpp >&5
configure:3488: $? = 0
configure:3529: result: yes
configure:3555: checking whether make supports the include directive
configure:3570: make -f confmf.GNU && cat confinc.out
this is the am__doit target
configure:3573: $? = 0
configure:3592: result: yes (GNU style)
configure:3617: checking dependency style of g++
configure:3728: result: gcc3
configure:3748: checking whether NLS is requested
configure:3757: result: yes
configure:3775: checking for intltool >= 0.35.0
configure:3777: result: 0.51.0 found
configure:3785: checking for intltool-update
configure:3803: found /usr/bin/intltool-update
configure:3815: result: /usr/bin/intltool-update
configure:3825: checking for intltool-merge
configure:3843: found /usr/bin/intltool-merge
configure:3855: result: /usr/bin/intltool-merge
configure:3865: checking for intltool-extract
configure:3883: found /usr/bin/intltool-extract
configure:3895: result: /usr/bin/intltool-extract
configure:4049: checking for xgettext
configure:4067: found /usr/bin/xgettext
configure:4079: result: /usr/bin/xgettext
configure:4089: checking for msgmerge
configure:4107: found /usr/bin/msgmerge
configure:4119: result: /usr/bin/msgmerge
configure:4129: checking for msgfmt
configure:4147: found /usr/bin/msgfmt
configure:4159: result: /usr/bin/msgfmt
configure:4169: checking for gmsgfmt
configure:4200: result: /usr/bin/msgfmt
configure:4220: checking for perl
configure:4238: found /usr/bin/perl
configure:4250: result: /usr/bin/perl
configure:4261: checking for perl >= 5.8.1
configure:4268: result: 5.30.0
configure:4272: checking for XML::Parser
configure:4275: result: ok
configure:4344: checking for gcc
configure:4360: found /usr/bin/gcc
configure:4371: result: gcc
configure:4600: checking for C compiler version
configure:4609: gcc --version >&5
gcc (Ubuntu 9.3.0-17ubuntu1~20.04) 9.3.0
Copyright (C) 2019 Free Software Foundation, Inc.
This is free software; see the source for copying conditions.  There is NO
warranty; not even for MERCHANTABILITY or FITNESS FOR A PARTICULAR PURPOSE.

configure:4620: $? = 0
configure:4609: gcc -v >&5
Using built-in specs.
COLLECT_GCC=gcc
COLLECT_LTO_WRAPPER=/usr/lib/gcc/x86_64-linux-gnu/9/lto-wrapper
OFFLOAD_TARGET_NAMES=nvptx-none:hsa
OFFLOAD_TARGET_DEFAULT=1
Target: x86_64-linux-gnu
Configured with: ../src/configure -v --with-pkgversion='Ubuntu 9.3.0-17ubuntu1~20.04' --with-bugurl=file:///usr/share/doc/gcc-9/README.Bugs --enable-languages=c,ada,c++,go,brig,d,fortran,objc,obj-c++,gm2 --prefix=/usr --with-gcc-major-version-only --program-suffix=-9 --program-prefix=x86_64-linux-gnu- --enable-shared --enable-linker-build-id --libexecdir=/usr/lib --without-included-gettext --enable-threads=posix --libdir=/usr/lib --enable-nls --enable-clocale=gnu --enable-libstdcxx-debug --enable-libstdcxx-time=yes --with-default-libstdcxx-abi=new --enable-gnu-unique-object --disable-vtable-verify --enable-plugin --enable-default-pie --with-system-zlib --with-target-system-zlib=auto --enable-objc-gc=auto --enable-multiarch --disable-werror --with-arch-32=i686 --with-abi=m64 --with-multilib-list=m32,m64,mx32 --enable-multilib --with-tune=generic --enable-offload-targets=nvptx-none=/build/gcc-9-HskZEa/gcc-9-9.3.0/debian/tmp-nvptx/usr,hsa --without-cuda-driver --enable-checking=release --build=x86_64-linux-gnu --host=x86_64-linux-gnu --target=x86_64-linux-gnu
Thread model: posix
gcc version 9.3.0 (Ubuntu 9.3.0-17ubuntu1~20.04) 
configure:4620: $? = 0
configure:4609: gcc -V >&5
gcc: error: unrecognized command line option '-V'
gcc: fatal error: no input files
compilation terminated.
configure:4620: $? = 1
configure:4609: gcc -qversion >&5
gcc: error: unrecognized command line option '-qversion'; did you mean '--version'?
gcc: fatal error: no input files
compilation terminated.
configure:4620: $? = 1
configure:4624: checking whether we are using the GNU C compiler
configure:4643: gcc -c   conftest.c >&5
configure:4643: $? = 0
configure:4652: result: yes
configure:4661: checking whether gcc accepts -g
configure:4681: gcc -c -g  conftest.c >&5
configure:4681: $? = 0
configure:4722: result: yes
configure:4739: checking for gcc option to accept ISO C89
configure:4802: gcc  -c -g -O2  conftest.c >&5
configure:4802: $? = 0
configure:4815: result: none needed
configure:4840: checking whether gcc understands -c and -o together
configure:4862: gcc -c conftest.c -o conftest2.o
configure:4865: $? = 0
configure:4862: gcc -c conftest.c -o conftest2.o
configure:4865: $? = 0
configure:4877: result: yes
configure:4896: checking dependency style of gcc
configure:5007: result: gcc3
configure:5028: checking how to run the C preprocessor
configure:5059: gcc -E  conftest.c
configure:5059: $? = 0
configure:5073: gcc -E  conftest.c
conftest.c:12:10: fatal error: ac_nonexistent.h: No such file or directory
   12 | #include <ac_nonexistent.h>
      |          ^~~~~~~~~~~~~~~~~~
compilation terminated.
configure:5073: $? = 1
configure: failed program was:
| /* confdefs.h */
| #define PACKAGE_NAME "mm"
| #define PACKAGE_TARNAME "mm"
| #define PACKAGE_VERSION "0.1"
| #define PACKAGE_STRING "mm 0.1"
| #define PACKAGE_BUGREPORT ""
| #define PACKAGE_URL ""
| #define PACKAGE "mm"
| #define VERSION "0.1"
| #define GETTEXT_PACKAGE "mm"
| /* end confdefs.h.  */
| #include <ac_nonexistent.h>
configure:5098: result: gcc -E
configure:5118: gcc -E  conftest.c
configure:5118: $? = 0
configure:5132: gcc -E  conftest.c
conftest.c:12:10: fatal error: ac_nonexistent.h: No such file or directory
   12 | #include <ac_nonexistent.h>
      |          ^~~~~~~~~~~~~~~~~~
compilation terminated.
configure:5132: $? = 1
configure: failed program was:
| /* confdefs.h */
| #define PACKAGE_NAME "mm"
| #define PACKAGE_TARNAME "mm"
| #define PACKAGE_VERSION "0.1"
| #define PACKAGE_STRING "mm 0.1"
| #define PACKAGE_BUGREPORT ""
| #define PACKAGE_URL ""
| #define PACKAGE "mm"
| #define VERSION "0.1"
| #define GETTEXT_PACKAGE "mm"
| /* end confdefs.h.  */
| #include <ac_nonexistent.h>
configure:5161: checking for grep that handles long lines and -e
configure:5219: result: /usr/bin/grep
configure:5224: checking for egrep
configure:5286: result: /usr/bin/grep -E
configure:5291: checking for ANSI C header files
configure:5311: gcc -c -g -O2  conftest.c >&5
configure:5311: $? = 0
configure:5384: gcc -o conftest -g -O2   conftest.c  >&5
configure:5384: $? = 0
configure:5384: ./conftest
configure:5384: $? = 0
configure:5395: result: yes
configure:5408: checking for sys/types.h
configure:5408: gcc -c -g -O2  conftest.c >&5
configure:5408: $? = 0
configure:5408: result: yes
configure:5408: checking for sys/stat.h
configure:5408: gcc -c -g -O2  conftest.c >&5
configure:5408: $? = 0
configure:5408: result: yes
configure:5408: checking for stdlib.h
configure:5408: gcc -c -g -O2  conftest.c >&5
configure:5408: $? = 0
configure:5408: result: yes
configure:5408: checking for string.h
configure:5408: gcc -c -g -O2  conftest.c >&5
configure:5408: $? = 0
configure:5408: result: yes
configure:5408: checking for memory.h
configure:5408: gcc -c -g -O2  conftest.c >&5
configure:5408: $? = 0
configure:5408: result: yes
configure:5408: checking for strings.h
configure:5408: gcc -c -g -O2  conftest.c >&5
configure:5408: $? = 0
configure:5408: result: yes
configure:5408: checking for inttypes.h
configure:5408: gcc -c -g -O2  conftest.c >&5
configure:5408: $? = 0
configure:5408: result: yes
configure:5408: checking for stdint.h
configure:5408: gcc -c -g -O2  conftest.c >&5
configure:5408: $? = 0
configure:5408: result: yes
configure:5408: checking for unistd.h
configure:5408: gcc -c -g -O2  conftest.c >&5
configure:5408: $? = 0
configure:5408: result: yes
configure:5423: checking locale.h usability
configure:5423: gcc -c -g -O2  conftest.c >&5
configure:5423: $? = 0
configure:5423: result: yes
configure:5423: checking locale.h presence
configure:5423: gcc -E  conftest.c
configure:5423: $? = 0
configure:5423: result: yes
configure:5423: checking for locale.h
configure:5423: result: yes
configure:5434: checking for LC_MESSAGES
configure:5450: gcc -o conftest -g -O2   conftest.c  >&5
configure:5450: $? = 0
configure:5458: result: yes
configure:5476: checking for CFPreferencesCopyAppValue
configure:5494: gcc -o conftest -g -O2   conftest.c  -Wl,-framework -Wl,CoreFoundation >&5
conftest.c:24:10: fatal error: CoreFoundation/CFPreferences.h: No such file or directory
   24 | #include <CoreFoundation/CFPreferences.h>
      |          ^~~~~~~~~~~~~~~~~~~~~~~~~~~~~~~~
compilation terminated.
configure:5494: $? = 1
configure: failed program was:
| /* confdefs.h */
| #define PACKAGE_NAME "mm"
| #define PACKAGE_TARNAME "mm"
| #define PACKAGE_VERSION "0.1"
| #define PACKAGE_STRING "mm 0.1"
| #define PACKAGE_BUGREPORT ""
| #define PACKAGE_URL ""
| #define PACKAGE "mm"
| #define VERSION "0.1"
| #define GETTEXT_PACKAGE "mm"
| #define STDC_HEADERS 1
| #define HAVE_SYS_TYPES_H 1
| #define HAVE_SYS_STAT_H 1
| #define HAVE_STDLIB_H 1
| #define HAVE_STRING_H 1
| #define HAVE_MEMORY_H 1
| #define HAVE_STRINGS_H 1
| #define HAVE_INTTYPES_H 1
| #define HAVE_STDINT_H 1
| #define HAVE_UNISTD_H 1
| #define HAVE_LOCALE_H 1
| #define HAVE_LC_MESSAGES 1
| /* end confdefs.h.  */
| #include <CoreFoundation/CFPreferences.h>
| int
| main ()
| {
| CFPreferencesCopyAppValue(NULL, NULL)
|   ;
|   return 0;
| }
configure:5503: result: no
configure:5510: checking for CFLocaleCopyCurrent
configure:5528: gcc -o conftest -g -O2   conftest.c  -Wl,-framework -Wl,CoreFoundation >&5
conftest.c:24:10: fatal error: CoreFoundation/CFLocale.h: No such file or directory
   24 | #include <CoreFoundation/CFLocale.h>
      |          ^~~~~~~~~~~~~~~~~~~~~~~~~~~
compilation terminated.
configure:5528: $? = 1
configure: failed program was:
| /* confdefs.h */
| #define PACKAGE_NAME "mm"
| #define PACKAGE_TARNAME "mm"
| #define PACKAGE_VERSION "0.1"
| #define PACKAGE_STRING "mm 0.1"
| #define PACKAGE_BUGREPORT ""
| #define PACKAGE_URL ""
| #define PACKAGE "mm"
| #define VERSION "0.1"
| #define GETTEXT_PACKAGE "mm"
| #define STDC_HEADERS 1
| #define HAVE_SYS_TYPES_H 1
| #define HAVE_SYS_STAT_H 1
| #define HAVE_STDLIB_H 1
| #define HAVE_STRING_H 1
| #define HAVE_MEMORY_H 1
| #define HAVE_STRINGS_H 1
| #define HAVE_INTTYPES_H 1
| #define HAVE_STDINT_H 1
| #define HAVE_UNISTD_H 1
| #define HAVE_LOCALE_H 1
| #define HAVE_LC_MESSAGES 1
| /* end confdefs.h.  */
| #include <CoreFoundation/CFLocale.h>
| int
| main ()
| {
| CFLocaleCopyCurrent();
|   ;
|   return 0;
| }
configure:5537: result: no
configure:5551: checking libintl.h usability
configure:5551: gcc -c -g -O2  conftest.c >&5
configure:5551: $? = 0
configure:5551: result: yes
configure:5551: checking libintl.h presence
configure:5551: gcc -E  conftest.c
configure:5551: $? = 0
configure:5551: result: yes
configure:5551: checking for libintl.h
configure:5551: result: yes
configure:5559: checking for ngettext in libc
configure:5577: gcc -o conftest -g -O2   conftest.c  >&5
configure:5577: $? = 0
configure:5586: result: yes
configure:5590: checking for dgettext in libc
configure:5608: gcc -o conftest -g -O2   conftest.c  >&5
configure:5608: $? = 0
configure:5617: result: yes
configure:5624: checking for bind_textdomain_codeset
configure:5624: gcc -o conftest -g -O2   conftest.c  >&5
configure:5624: $? = 0
configure:5624: result: yes
configure:5900: checking for msgfmt
configure:5927: result: /usr/bin/msgfmt
configure:5938: checking for dcgettext
configure:5938: gcc -o conftest -g -O2   conftest.c   >&5
conftest.c:49:6: warning: conflicting types for built-in function 'dcgettext'; expected 'char *(const char *, const char *, int)' [-Wbuiltin-declaration-mismatch]
   49 | char dcgettext ();
      |      ^~~~~~~~~
configure:5938: $? = 0
configure:5938: result: yes
configure:5948: checking if msgfmt accepts -c
configure:5963: $MSGFMT -c -o /dev/null conftest.foo
conftest.foo:3: warning: header field 'Language' missing in header
configure:5966: $? = 0
configure:5968: result: yes
configure:5978: checking for gmsgfmt
configure:6009: result: /usr/bin/msgfmt
configure:6019: checking for xgettext
configure:6046: result: /usr/bin/xgettext
configure:6065: gcc -o conftest -g -O2   conftest.c   >&5
configure:6065: $? = 0
configure:6211: checking build system type
configure:6225: result: x86_64-pc-linux-gnu
configure:6245: checking host system type
configure:6258: result: x86_64-pc-linux-gnu
configure:6357: checking how to print strings
configure:6384: result: printf
configure:6405: checking for a sed that does not truncate output
configure:6469: result: /usr/bin/sed
configure:6487: checking for fgrep
configure:6549: result: /usr/bin/grep -F
configure:6584: checking for ld used by gcc
configure:6651: result: /usr/bin/ld
configure:6658: checking if the linker (/usr/bin/ld) is GNU ld
configure:6673: result: yes
configure:6685: checking for BSD- or MS-compatible name lister (nm)
configure:6739: result: /usr/bin/nm -B
configure:6869: checking the name lister (/usr/bin/nm -B) interface
configure:6876: gcc -c -g -O2  conftest.c >&5
configure:6879: /usr/bin/nm -B "conftest.o"
configure:6882: output
0000000000000000 B some_variable
configure:6883: result: BSD nm
configure:6886: checking whether ln -s works
configure:6890: result: yes
configure:6898: checking the maximum length of command line arguments
configure:7029: result: 1572864
configure:7077: checking how to convert x86_64-pc-linux-gnu file names to x86_64-pc-linux-gnu format
configure:7117: result: func_convert_file_noop
configure:7124: checking how to convert x86_64-pc-linux-gnu file names to toolchain format
configure:7144: result: func_convert_file_noop
configure:7151: checking for /usr/bin/ld option to reload object files
configure:7158: result: -r
configure:7232: checking for objdump
configure:7248: found /usr/bin/objdump
configure:7259: result: objdump
configure:7288: checking how to recognize dependent libraries
configure:7488: result: pass_all
configure:7573: checking for dlltool
configure:7603: result: no
configure:7630: checking how to associate runtime and link libraries
configure:7657: result: printf %s\n
configure:7717: checking for ar
configure:7733: found /usr/bin/ar
configure:7744: result: ar
configure:7781: checking for archiver @FILE support
configure:7798: gcc -c -g -O2  conftest.c >&5
configure:7798: $? = 0
configure:7801: ar cr libconftest.a @conftest.lst >&5
configure:7804: $? = 0
configure:7809: ar cr libconftest.a @conftest.lst >&5
ar: conftest.o: No such file or directory
configure:7812: $? = 1
configure:7811: result: @
configure:7869: checking for strip
configure:7885: found /usr/bin/strip
configure:7896: result: strip
configure:7968: checking for ranlib
configure:7984: found /usr/bin/ranlib
configure:7995: result: ranlib
configure:8097: checking command to parse /usr/bin/nm -B output from gcc object
configure:8250: gcc -c -g -O2  conftest.c >&5
configure:8253: $? = 0
configure:8257: /usr/bin/nm -B conftest.o | sed -n -e 's/^.*[	 ]\([ABCDGIRSTW][ABCDGIRSTW]*\)[	 ][	 ]*\([_A-Za-z][_A-Za-z0-9]*\)$/\1 \2 \2/p' | sed '/ __gnu_lto/d' > conftest.nm
configure:8323: gcc -o conftest -g -O2   conftest.c conftstm.o >&5
configure:8326: $? = 0
configure:8364: result: ok
configure:8411: checking for sysroot
configure:8441: result: no
configure:8448: checking for a working dd
configure:8486: result: /usr/bin/dd
configure:8490: checking how to truncate binary pipes
configure:8505: result: /usr/bin/dd bs=4096 count=1
configure:8641: gcc -c -g -O2  conftest.c >&5
configure:8644: $? = 0
configure:8834: checking for mt
configure:8850: found /usr/bin/mt
configure:8861: result: mt
configure:8884: checking if mt is a manifest tool
configure:8890: mt '-?'
configure:8898: result: no
configure:9572: checking for dlfcn.h
configure:9572: gcc -c -g -O2  conftest.c >&5
configure:9572: $? = 0
configure:9572: result: yes
configure:10137: checking for objdir
configure:10152: result: .libs
configure:10412: checking if gcc supports -fno-rtti -fno-exceptions
configure:10430: gcc -c -g -O2  -fno-rtti -fno-exceptions conftest.c >&5
cc1: warning: command line option '-fno-rtti' is valid for C++/D/ObjC++ but not for C
configure:10434: $? = 0
configure:10447: result: no
configure:10811: checking for gcc option to produce PIC
configure:10818: result: -fPIC -DPIC
configure:10826: checking if gcc PIC flag -fPIC -DPIC works
configure:10844: gcc -c -g -O2  -fPIC -DPIC -DPIC conftest.c >&5
configure:10848: $? = 0
configure:10861: result: yes
configure:10890: checking if gcc static flag -static works
configure:10918: result: yes
configure:10933: checking if gcc supports -c -o file.o
configure:10954: gcc -c -g -O2  -o out/conftest2.o conftest.c >&5
configure:10958: $? = 0
configure:10980: result: yes
configure:10988: checking if gcc supports -c -o file.o
configure:11035: result: yes
configure:11068: checking whether the gcc linker (/usr/bin/ld -m elf_x86_64) supports shared libraries
configure:12331: result: yes
configure:12368: checking whether -lc should be explicitly linked in
configure:12376: gcc -c -g -O2  conftest.c >&5
configure:12379: $? = 0
configure:12394: gcc -shared  -fPIC -DPIC conftest.o  -v -Wl,-soname -Wl,conftest -o conftest 2\>\&1 \| /usr/bin/grep  -lc  \>/dev/null 2\>\&1
configure:12397: $? = 0
configure:12411: result: no
configure:12571: checking dynamic linker characteristics
configure:13152: gcc -o conftest -g -O2   -Wl,-rpath -Wl,/foo conftest.c  >&5
configure:13152: $? = 0
configure:13401: result: GNU/Linux ld.so
configure:13523: checking how to hardcode library paths into programs
configure:13548: result: immediate
configure:14096: checking whether stripping libraries is possible
configure:14101: result: yes
configure:14136: checking if libtool supports shared libraries
configure:14138: result: yes
configure:14141: checking whether to build shared libraries
configure:14166: result: yes
configure:14169: checking whether to build static libraries
configure:14173: result: yes
configure:10972: checking how to run the C++ preprocessor
configure:10999: g++ -E  conftest.cpp
configure:10999: $? = 0
configure:11013: g++ -E  conftest.cpp
conftest.cpp:30:10: fatal error: ac_nonexistent.h: No such file or directory
   30 | #include <ac_nonexistent.h>
      |          ^~~~~~~~~~~~~~~~~~
compilation terminated.
configure:11013: $? = 1
configure: failed program was:
| /* confdefs.h */
| #define PACKAGE_NAME "mm"
| #define PACKAGE_TARNAME "mm"
| #define PACKAGE_VERSION "0.1"
| #define PACKAGE_STRING "mm 0.1"
| #define PACKAGE_BUGREPORT ""
| #define PACKAGE_URL ""
| #define PACKAGE "mm"
| #define VERSION "0.1"
| #define GETTEXT_PACKAGE "mm"
| #define STDC_HEADERS 1
| #define HAVE_SYS_TYPES_H 1
| #define HAVE_SYS_STAT_H 1
| #define HAVE_STDLIB_H 1
| #define HAVE_STRING_H 1
| #define HAVE_MEMORY_H 1
| #define HAVE_STRINGS_H 1
| #define HAVE_INTTYPES_H 1
| #define HAVE_STDINT_H 1
| #define HAVE_UNISTD_H 1
| #define HAVE_LOCALE_H 1
| #define HAVE_LC_MESSAGES 1
| #define HAVE_BIND_TEXTDOMAIN_CODESET 1
| #define HAVE_GETTEXT 1
| #define HAVE_DCGETTEXT 1
| #define ENABLE_NLS 1
| #define HAVE_DLFCN_H 1
| #define LT_OBJDIR ".libs/"
| /* end confdefs.h.  */
| #include <ac_nonexistent.h>
configure:11038: result: g++ -E
configure:11058: g++ -E  conftest.cpp
configure:11058: $? = 0
configure:11072: g++ -E  conftest.cpp
conftest.cpp:30:10: fatal error: ac_nonexistent.h: No such file or directory
   30 | #include <ac_nonexistent.h>
      |          ^~~~~~~~~~~~~~~~~~
compilation terminated.
configure:11072: $? = 1
configure: failed program was:
| /* confdefs.h */
| #define PACKAGE_NAME "mm"
| #define PACKAGE_TARNAME "mm"
| #define PACKAGE_VERSION "0.1"
| #define PACKAGE_STRING "mm 0.1"
| #define PACKAGE_BUGREPORT ""
| #define PACKAGE_URL ""
| #define PACKAGE "mm"
| #define VERSION "0.1"
| #define GETTEXT_PACKAGE "mm"
| #define STDC_HEADERS 1
| #define HAVE_SYS_TYPES_H 1
| #define HAVE_SYS_STAT_H 1
| #define HAVE_STDLIB_H 1
| #define HAVE_STRING_H 1
| #define HAVE_MEMORY_H 1
| #define HAVE_STRINGS_H 1
| #define HAVE_INTTYPES_H 1
| #define HAVE_STDINT_H 1
| #define HAVE_UNISTD_H 1
| #define HAVE_LOCALE_H 1
| #define HAVE_LC_MESSAGES 1
| #define HAVE_BIND_TEXTDOMAIN_CODESET 1
| #define HAVE_GETTEXT 1
| #define HAVE_DCGETTEXT 1
| #define ENABLE_NLS 1
| #define HAVE_DLFCN_H 1
| #define LT_OBJDIR ".libs/"
| /* end confdefs.h.  */
| #include <ac_nonexistent.h>
configure:11234: checking for ld used by g++
configure:11301: result: /usr/bin/ld -m elf_x86_64
configure:11308: checking if the linker (/usr/bin/ld -m elf_x86_64) is GNU ld
configure:11323: result: yes
configure:11378: checking whether the g++ linker (/usr/bin/ld -m elf_x86_64) supports shared libraries
configure:12451: result: yes
configure:12487: g++ -c -g -O2  conftest.cpp >&5
configure:12490: $? = 0
configure:12971: checking for g++ option to produce PIC
configure:12978: result: -fPIC -DPIC
configure:12986: checking if g++ PIC flag -fPIC -DPIC works
configure:13004: g++ -c -g -O2  -fPIC -DPIC -DPIC conftest.cpp >&5
configure:13008: $? = 0
configure:13021: result: yes
configure:13044: checking if g++ static flag -static works
configure:13072: result: yes
configure:13084: checking if g++ supports -c -o file.o
configure:13105: g++ -c -g -O2  -o out/conftest2.o conftest.cpp >&5
configure:13109: $? = 0
configure:13131: result: yes
configure:13136: checking if g++ supports -c -o file.o
configure:13183: result: yes
configure:13213: checking whether the g++ linker (/usr/bin/ld -m elf_x86_64) supports shared libraries
configure:13256: result: yes
configure:13397: checking dynamic linker characteristics
configure:14154: result: GNU/Linux ld.so
configure:14219: checking how to hardcode library paths into programs
configure:14244: result: immediate
configure:13192: checking for pkg-config
configure:13210: found /usr/bin/pkg-config
configure:13222: result: /usr/bin/pkg-config
configure:13247: checking pkg-config is at least version 0.9.0
configure:13250: result: yes
configure:13260: checking for MM
configure:13267: $PKG_CONFIG --exists --print-errors "gtkmm-3.0 gdk-3.0 glib-2.0 gtk+-3.0 zlib"
configure:13270: $? = 0
configure:13284: $PKG_CONFIG --exists --print-errors "gtkmm-3.0 gdk-3.0 glib-2.0 gtk+-3.0 zlib"
configure:13287: $? = 0
configure:13345: result: yes
configure:13456: checking that generated files are newer than configure
configure:13462: result: done
configure:13501: creating ./config.status

## ---------------------- ##
## Running config.status. ##
## ---------------------- ##

This file was extended by mm config.status 0.1, which was
generated by GNU Autoconf 2.69.  Invocation command line was

  CONFIG_FILES    = 
  CONFIG_HEADERS  = 
  CONFIG_LINKS    = 
  CONFIG_COMMANDS = 
  $ ./config.status 

on denis-Inspiron-15-3567

config.status:1242: creating Makefile
config.status:1242: creating src/Makefile
config.status:1242: creating po/Makefile.in
config.status:1242: creating config.h
config.status:1471: executing depfiles commands
config.status:1548: cd src       && sed -e '/# am--include-marker/d' Makefile         | make -f - am--depfiles
config.status:1553: $? = 0
config.status:1471: executing default-1 commands
config.status:1471: executing libtool commands
config.status:1471: executing po/stamp-it commands
configure:15938: WARNING: unrecognized options: --enable-maintainer-mode

## ---------------- ##
## Cache variables. ##
## ---------------- ##

ac_cv_build=x86_64-pc-linux-gnu
ac_cv_c_compiler_gnu=yes
ac_cv_cxx_compiler_gnu=yes
ac_cv_env_CCC_set=
ac_cv_env_CCC_value=
ac_cv_env_CC_set=
ac_cv_env_CC_value=
ac_cv_env_CFLAGS_set=
ac_cv_env_CFLAGS_value=
ac_cv_env_CPPFLAGS_set=
ac_cv_env_CPPFLAGS_value=
ac_cv_env_CPP_set=
ac_cv_env_CPP_value=
ac_cv_env_CXXCPP_set=
ac_cv_env_CXXCPP_value=
ac_cv_env_CXXFLAGS_set=
ac_cv_env_CXXFLAGS_value=
ac_cv_env_CXX_set=
ac_cv_env_CXX_value=
ac_cv_env_LDFLAGS_set=
ac_cv_env_LDFLAGS_value=
ac_cv_env_LIBS_set=
ac_cv_env_LIBS_value=
ac_cv_env_LT_SYS_LIBRARY_PATH_set=
ac_cv_env_LT_SYS_LIBRARY_PATH_value=
ac_cv_env_MM_CFLAGS_set=
ac_cv_env_MM_CFLAGS_value=
ac_cv_env_MM_LIBS_set=
ac_cv_env_MM_LIBS_value=
ac_cv_env_PKG_CONFIG_LIBDIR_set=
ac_cv_env_PKG_CONFIG_LIBDIR_value=
ac_cv_env_PKG_CONFIG_PATH_set=
ac_cv_env_PKG_CONFIG_PATH_value=
ac_cv_env_PKG_CONFIG_set=
ac_cv_env_PKG_CONFIG_value=
ac_cv_env_build_alias_set=
ac_cv_env_build_alias_value=
ac_cv_env_host_alias_set=
ac_cv_env_host_alias_value=
ac_cv_env_target_alias_set=
ac_cv_env_target_alias_value=
ac_cv_func_bind_textdomain_codeset=yes
ac_cv_func_dcgettext=yes
ac_cv_header_dlfcn_h=yes
ac_cv_header_inttypes_h=yes
ac_cv_header_libintl_h=yes
ac_cv_header_locale_h=yes
ac_cv_header_memory_h=yes
ac_cv_header_stdc=yes
ac_cv_header_stdint_h=yes
ac_cv_header_stdlib_h=yes
ac_cv_header_string_h=yes
ac_cv_header_strings_h=yes
ac_cv_header_sys_stat_h=yes
ac_cv_header_sys_types_h=yes
ac_cv_header_unistd_h=yes
ac_cv_host=x86_64-pc-linux-gnu
ac_cv_objext=o
ac_cv_path_EGREP='/usr/bin/grep -E'
ac_cv_path_FGREP='/usr/bin/grep -F'
ac_cv_path_GMSGFMT=/usr/bin/msgfmt
ac_cv_path_GREP=/usr/bin/grep
ac_cv_path_INTLTOOL_EXTRACT=/usr/bin/intltool-extract
ac_cv_path_INTLTOOL_MERGE=/usr/bin/intltool-merge
ac_cv_path_INTLTOOL_PERL=/usr/bin/perl
ac_cv_path_INTLTOOL_UPDATE=/usr/bin/intltool-update
ac_cv_path_MSGFMT=/usr/bin/msgfmt
ac_cv_path_MSGMERGE=/usr/bin/msgmerge
ac_cv_path_SED=/usr/bin/sed
ac_cv_path_XGETTEXT=/usr/bin/xgettext
ac_cv_path_ac_pt_PKG_CONFIG=/usr/bin/pkg-config
ac_cv_path_install='/usr/bin/install -c'
ac_cv_path_lt_DD=/usr/bin/dd
ac_cv_path_mkdir=/usr/bin/mkdir
ac_cv_prog_AWK=mawk
ac_cv_prog_CPP='gcc -E'
ac_cv_prog_CXXCPP='g++ -E'
ac_cv_prog_ac_ct_AR=ar
ac_cv_prog_ac_ct_CC=gcc
ac_cv_prog_ac_ct_CXX=g++
ac_cv_prog_ac_ct_MANIFEST_TOOL=mt
ac_cv_prog_ac_ct_OBJDUMP=objdump
ac_cv_prog_ac_ct_RANLIB=ranlib
ac_cv_prog_ac_ct_STRIP=strip
ac_cv_prog_cc_c89=
ac_cv_prog_cc_g=yes
ac_cv_prog_cxx_g=yes
ac_cv_prog_make_make_set=yes
am_cv_CC_dependencies_compiler_type=gcc3
am_cv_CXX_dependencies_compiler_type=gcc3
am_cv_make_support_nested_variables=yes
am_cv_prog_cc_c_o=yes
am_cv_val_LC_MESSAGES=yes
gt_cv_func_CFLocaleCopyCurrent=no
gt_cv_func_CFPreferencesCopyAppValue=no
gt_cv_func_dgettext_libc=yes
gt_cv_func_dgettext_libintl=no
gt_cv_func_ngettext_libc=yes
gt_cv_have_gettext=yes
lt_cv_ar_at_file=@
lt_cv_archive_cmds_need_lc=no
lt_cv_deplibs_check_method=pass_all
lt_cv_file_magic_cmd='$MAGIC_CMD'
lt_cv_file_magic_test_file=
lt_cv_ld_reload_flag=-r
lt_cv_nm_interface='BSD nm'
lt_cv_objdir=.libs
lt_cv_path_LD=/usr/bin/ld
lt_cv_path_LDCXX='/usr/bin/ld -m elf_x86_64'
lt_cv_path_NM='/usr/bin/nm -B'
lt_cv_path_mainfest_tool=no
lt_cv_prog_compiler_c_o=yes
lt_cv_prog_compiler_c_o_CXX=yes
lt_cv_prog_compiler_pic='-fPIC -DPIC'
lt_cv_prog_compiler_pic_CXX='-fPIC -DPIC'
lt_cv_prog_compiler_pic_works=yes
lt_cv_prog_compiler_pic_works_CXX=yes
lt_cv_prog_compiler_rtti_exceptions=no
lt_cv_prog_compiler_static_works=yes
lt_cv_prog_compiler_static_works_CXX=yes
lt_cv_prog_gnu_ld=yes
lt_cv_prog_gnu_ldcxx=yes
lt_cv_sharedlib_from_linklib_cmd='printf %s\n'
lt_cv_shlibpath_overrides_runpath=yes
lt_cv_sys_global_symbol_pipe='sed -n -e '\''s/^.*[	 ]\([ABCDGIRSTW][ABCDGIRSTW]*\)[	 ][	 ]*\([_A-Za-z][_A-Za-z0-9]*\)$/\1 \2 \2/p'\'' | sed '\''/ __gnu_lto/d'\'''
lt_cv_sys_global_symbol_to_c_name_address='sed -n -e '\''s/^: \(.*\) .*$/  {"\1", (void *) 0},/p'\'' -e '\''s/^[ABCDGIRSTW][ABCDGIRSTW]* .* \(.*\)$/  {"\1", (void *) \&\1},/p'\'''
lt_cv_sys_global_symbol_to_c_name_address_lib_prefix='sed -n -e '\''s/^: \(.*\) .*$/  {"\1", (void *) 0},/p'\'' -e '\''s/^[ABCDGIRSTW][ABCDGIRSTW]* .* \(lib.*\)$/  {"\1", (void *) \&\1},/p'\'' -e '\''s/^[ABCDGIRSTW][ABCDGIRSTW]* .* \(.*\)$/  {"lib\1", (void *) \&\1},/p'\'''
lt_cv_sys_global_symbol_to_cdecl='sed -n -e '\''s/^T .* \(.*\)$/extern int \1();/p'\'' -e '\''s/^[ABCDGIRSTW][ABCDGIRSTW]* .* \(.*\)$/extern char \1;/p'\'''
lt_cv_sys_global_symbol_to_import=
lt_cv_sys_max_cmd_len=1572864
lt_cv_to_host_file_cmd=func_convert_file_noop
lt_cv_to_tool_file_cmd=func_convert_file_noop
lt_cv_truncate_bin='/usr/bin/dd bs=4096 count=1'
pkg_cv_MM_CFLAGS='-pthread -I/usr/include/gtkmm-3.0 -I/usr/lib/x86_64-linux-gnu/gtkmm-3.0/include -I/usr/include/atkmm-1.6 -I/usr/include/gtk-3.0/unix-print -I/usr/include/gdkmm-3.0 -I/usr/lib/x86_64-linux-gnu/gdkmm-3.0/include -I/usr/include/giomm-2.4 -I/usr/lib/x86_64-linux-gnu/giomm-2.4/include -I/usr/include/pangomm-1.4 -I/usr/lib/x86_64-linux-gnu/pangomm-1.4/include -I/usr/include/glibmm-2.4 -I/usr/lib/x86_64-linux-gnu/glibmm-2.4/include -I/usr/include/cairomm-1.0 -I/usr/lib/x86_64-linux-gnu/cairomm-1.0/include -I/usr/include/sigc++-2.0 -I/usr/lib/x86_64-linux-gnu/sigc++-2.0/include -I/usr/include/gtk-3.0 -I/usr/include/at-spi2-atk/2.0 -I/usr/include/at-spi-2.0 -I/usr/include/dbus-1.0 -I/usr/lib/x86_64-linux-gnu/dbus-1.0/include -I/usr/include/gtk-3.0 -I/usr/include/gio-unix-2.0 -I/usr/include/cairo -I/usr/include/pango-1.0 -I/usr/include/fribidi -I/usr/include/harfbuzz -I/usr/include/atk-1.0 -I/usr/include/cairo -I/usr/include/pixman-1 -I/usr/include/uuid -I/usr/include/freetype2 -I/usr/include/libpng16 -I/usr/include/gdk-pixbuf-2.0 -I/usr/include/libmount -I/usr/include/blkid -I/usr/include/glib-2.0 -I/usr/lib/x86_64-linux-gnu/glib-2.0/include'
pkg_cv_MM_LIBS='-lgtkmm-3.0 -latkmm-1.6 -lgdkmm-3.0 -lgiomm-2.4 -lpangomm-1.4 -lglibmm-2.4 -lcairomm-1.0 -lsigc-2.0 -lgtk-3 -lgdk-3 -lpangocairo-1.0 -lpango-1.0 -lharfbuzz -latk-1.0 -lcairo-gobject -lcairo -lgdk_pixbuf-2.0 -lgio-2.0 -lgobject-2.0 -lglib-2.0 -lz'

## ----------------- ##
## Output variables. ##
## ----------------- ##

ACLOCAL='${SHELL} /home/denis/AnjutaProject/mm/missing aclocal-1.16'
ALL_LINGUAS=''
AMDEPBACKSLASH='\'
AMDEP_FALSE='#'
AMDEP_TRUE=''
AMTAR='$${TAR-tar}'
AM_BACKSLASH='\'
AM_DEFAULT_V='$(AM_DEFAULT_VERBOSITY)'
AM_DEFAULT_VERBOSITY='0'
AM_V='$(V)'
AR='ar'
AS='as'
AUTOCONF='${SHELL} /home/denis/AnjutaProject/mm/missing autoconf'
AUTOHEADER='${SHELL} /home/denis/AnjutaProject/mm/missing autoheader'
AUTOMAKE='${SHELL} /home/denis/AnjutaProject/mm/missing automake-1.16'
AWK='mawk'
CATALOGS=''
CATOBJEXT='.gmo'
CC='gcc'
CCDEPMODE='depmode=gcc3'
CFLAGS='-g -O2'
CPP='gcc -E'
CPPFLAGS=''
CXX='g++'
CXXCPP='g++ -E'
CXXDEPMODE='depmode=gcc3'
CXXFLAGS='-g -O2'
CYGPATH_W='echo'
DATADIRNAME='share'
DEFS='-DHAVE_CONFIG_H'
DEPDIR='.deps'
DLLTOOL='false'
DSYMUTIL=''
DUMPBIN=''
ECHO_C=''
ECHO_N='-n'
ECHO_T=''
EGREP='/usr/bin/grep -E'
EXEEXT=''
FGREP='/usr/bin/grep -F'
GETTEXT_PACKAGE='mm'
GMOFILES=''
GMSGFMT='/usr/bin/msgfmt'
GREP='/usr/bin/grep'
INSTALL_DATA='${INSTALL} -m 644'
INSTALL_PROGRAM='${INSTALL}'
INSTALL_SCRIPT='${INSTALL}'
INSTALL_STRIP_PROGRAM='$(install_sh) -c -s'
INSTOBJEXT='.mo'
INTLLIBS=''
INTLTOOL_CAVES_RULE='%.caves:     %.caves.in     $(INTLTOOL_MERGE) $(wildcard $(top_srcdir)/po/*.po) ; $(INTLTOOL_V_MERGE)LC_ALL=C $(INTLTOOL_MERGE) $(INTLTOOL_V_MERGE_OPTIONS) -d -u -c $(top_builddir)/po/.intltool-merge-cache $(top_srcdir)/po $< $@'
INTLTOOL_DESKTOP_RULE='%.desktop:   %.desktop.in   $(INTLTOOL_MERGE) $(wildcard $(top_srcdir)/po/*.po) ; $(INTLTOOL_V_MERGE)LC_ALL=C $(INTLTOOL_MERGE) $(INTLTOOL_V_MERGE_OPTIONS) -d -u -c $(top_builddir)/po/.intltool-merge-cache $(top_srcdir)/po $< $@'
INTLTOOL_DIRECTORY_RULE='%.directory: %.directory.in $(INTLTOOL_MERGE) $(wildcard $(top_srcdir)/po/*.po) ; $(INTLTOOL_V_MERGE)LC_ALL=C $(INTLTOOL_MERGE) $(INTLTOOL_V_MERGE_OPTIONS) -d -u -c $(top_builddir)/po/.intltool-merge-cache $(top_srcdir)/po $< $@'
INTLTOOL_EXTRACT='/usr/bin/intltool-extract'
INTLTOOL_KBD_RULE='%.kbd:       %.kbd.in       $(INTLTOOL_MERGE) $(wildcard $(top_srcdir)/po/*.po) ; $(INTLTOOL_V_MERGE)LC_ALL=C $(INTLTOOL_MERGE) $(INTLTOOL_V_MERGE_OPTIONS) -x -u -m -c $(top_builddir)/po/.intltool-merge-cache $(top_srcdir)/po $< $@'
INTLTOOL_KEYS_RULE='%.keys:      %.keys.in      $(INTLTOOL_MERGE) $(wildcard $(top_srcdir)/po/*.po) ; $(INTLTOOL_V_MERGE)LC_ALL=C $(INTLTOOL_MERGE) $(INTLTOOL_V_MERGE_OPTIONS) -k -u -c $(top_builddir)/po/.intltool-merge-cache $(top_srcdir)/po $< $@'
INTLTOOL_MERGE='/usr/bin/intltool-merge'
INTLTOOL_OAF_RULE='%.oaf:       %.oaf.in       $(INTLTOOL_MERGE) $(wildcard $(top_srcdir)/po/*.po) ; $(INTLTOOL_V_MERGE)LC_ALL=C $(INTLTOOL_MERGE) $(INTLTOOL_V_MERGE_OPTIONS) -o -p $(top_srcdir)/po $< $@'
INTLTOOL_PERL='/usr/bin/perl'
INTLTOOL_POLICY_RULE='%.policy:    %.policy.in    $(INTLTOOL_MERGE) $(wildcard $(top_srcdir)/po/*.po) ; $(INTLTOOL_V_MERGE)LC_ALL=C $(INTLTOOL_MERGE) $(INTLTOOL_V_MERGE_OPTIONS) -x -u -c $(top_builddir)/po/.intltool-merge-cache $(top_srcdir)/po $< $@'
INTLTOOL_PONG_RULE='%.pong:      %.pong.in      $(INTLTOOL_MERGE) $(wildcard $(top_srcdir)/po/*.po) ; $(INTLTOOL_V_MERGE)LC_ALL=C $(INTLTOOL_MERGE) $(INTLTOOL_V_MERGE_OPTIONS) -x -u -c $(top_builddir)/po/.intltool-merge-cache $(top_srcdir)/po $< $@'
INTLTOOL_PROP_RULE='%.prop:      %.prop.in      $(INTLTOOL_MERGE) $(wildcard $(top_srcdir)/po/*.po) ; $(INTLTOOL_V_MERGE)LC_ALL=C $(INTLTOOL_MERGE) $(INTLTOOL_V_MERGE_OPTIONS) -d -u -c $(top_builddir)/po/.intltool-merge-cache $(top_srcdir)/po $< $@'
INTLTOOL_SCHEMAS_RULE='%.schemas:   %.schemas.in   $(INTLTOOL_MERGE) $(wildcard $(top_srcdir)/po/*.po) ; $(INTLTOOL_V_MERGE)LC_ALL=C $(INTLTOOL_MERGE) $(INTLTOOL_V_MERGE_OPTIONS) -s -u -c $(top_builddir)/po/.intltool-merge-cache $(top_srcdir)/po $< $@'
INTLTOOL_SERVER_RULE='%.server:    %.server.in    $(INTLTOOL_MERGE) $(wildcard $(top_srcdir)/po/*.po) ; $(INTLTOOL_V_MERGE)LC_ALL=C $(INTLTOOL_MERGE) $(INTLTOOL_V_MERGE_OPTIONS) -o -u -c $(top_builddir)/po/.intltool-merge-cache $(top_srcdir)/po $< $@'
INTLTOOL_SERVICE_RULE='%.service: %.service.in   $(INTLTOOL_MERGE) $(wildcard $(top_srcdir)/po/*.po) ; $(INTLTOOL_V_MERGE)LC_ALL=C $(INTLTOOL_MERGE) $(INTLTOOL_V_MERGE_OPTIONS) -d -u -c $(top_builddir)/po/.intltool-merge-cache $(top_srcdir)/po $< $@'
INTLTOOL_SHEET_RULE='%.sheet:     %.sheet.in     $(INTLTOOL_MERGE) $(wildcard $(top_srcdir)/po/*.po) ; $(INTLTOOL_V_MERGE)LC_ALL=C $(INTLTOOL_MERGE) $(INTLTOOL_V_MERGE_OPTIONS) -x -u -c $(top_builddir)/po/.intltool-merge-cache $(top_srcdir)/po $< $@'
INTLTOOL_SOUNDLIST_RULE='%.soundlist: %.soundlist.in $(INTLTOOL_MERGE) $(wildcard $(top_srcdir)/po/*.po) ; $(INTLTOOL_V_MERGE)LC_ALL=C $(INTLTOOL_MERGE) $(INTLTOOL_V_MERGE_OPTIONS) -d -u -c $(top_builddir)/po/.intltool-merge-cache $(top_srcdir)/po $< $@'
INTLTOOL_THEME_RULE='%.theme:     %.theme.in     $(INTLTOOL_MERGE) $(wildcard $(top_srcdir)/po/*.po) ; $(INTLTOOL_V_MERGE)LC_ALL=C $(INTLTOOL_MERGE) $(INTLTOOL_V_MERGE_OPTIONS) -d -u -c $(top_builddir)/po/.intltool-merge-cache $(top_srcdir)/po $< $@'
INTLTOOL_UI_RULE='%.ui:        %.ui.in        $(INTLTOOL_MERGE) $(wildcard $(top_srcdir)/po/*.po) ; $(INTLTOOL_V_MERGE)LC_ALL=C $(INTLTOOL_MERGE) $(INTLTOOL_V_MERGE_OPTIONS) -x -u -c $(top_builddir)/po/.intltool-merge-cache $(top_srcdir)/po $< $@'
INTLTOOL_UPDATE='/usr/bin/intltool-update'
INTLTOOL_V_MERGE='$(INTLTOOL__v_MERGE_$(V))'
INTLTOOL_V_MERGE_OPTIONS='$(intltool__v_merge_options_$(V))'
INTLTOOL_XAM_RULE='%.xam:       %.xml.in       $(INTLTOOL_MERGE) $(wildcard $(top_srcdir)/po/*.po) ; $(INTLTOOL_V_MERGE)LC_ALL=C $(INTLTOOL_MERGE) $(INTLTOOL_V_MERGE_OPTIONS) -x -u -c $(top_builddir)/po/.intltool-merge-cache $(top_srcdir)/po $< $@'
INTLTOOL_XML_NOMERGE_RULE='%.xml:       %.xml.in       $(INTLTOOL_MERGE) ; $(INTLTOOL_V_MERGE)LC_ALL=C $(INTLTOOL_MERGE) $(INTLTOOL_V_MERGE_OPTIONS) -x -u --no-translations $< $@'
INTLTOOL_XML_RULE='%.xml:       %.xml.in       $(INTLTOOL_MERGE) $(wildcard $(top_srcdir)/po/*.po) ; $(INTLTOOL_V_MERGE)LC_ALL=C $(INTLTOOL_MERGE) $(INTLTOOL_V_MERGE_OPTIONS) -x -u -c $(top_builddir)/po/.intltool-merge-cache $(top_srcdir)/po $< $@'
INTLTOOL__v_MERGE_0='@echo "  ITMRG " $@;'
INTLTOOL__v_MERGE_='$(INTLTOOL__v_MERGE_$(AM_DEFAULT_VERBOSITY))'
INTL_MACOSX_LIBS=''
LD='/usr/bin/ld -m elf_x86_64'
LDFLAGS=''
LIBOBJS=''
LIBS=''
LIBTOOL='$(SHELL) $(top_builddir)/libtool'
LIPO=''
LN_S='ln -s'
LTLIBOBJS=''
LT_SYS_LIBRARY_PATH=''
MAKEINFO='${SHELL} /home/denis/AnjutaProject/mm/missing makeinfo'
MANIFEST_TOOL=':'
MKDIR_P='/usr/bin/mkdir -p'
MKINSTALLDIRS='./mkinstalldirs'
MM_CFLAGS='-pthread -I/usr/include/gtkmm-3.0 -I/usr/lib/x86_64-linux-gnu/gtkmm-3.0/include -I/usr/include/atkmm-1.6 -I/usr/include/gtk-3.0/unix-print -I/usr/include/gdkmm-3.0 -I/usr/lib/x86_64-linux-gnu/gdkmm-3.0/include -I/usr/include/giomm-2.4 -I/usr/lib/x86_64-linux-gnu/giomm-2.4/include -I/usr/include/pangomm-1.4 -I/usr/lib/x86_64-linux-gnu/pangomm-1.4/include -I/usr/include/glibmm-2.4 -I/usr/lib/x86_64-linux-gnu/glibmm-2.4/include -I/usr/include/cairomm-1.0 -I/usr/lib/x86_64-linux-gnu/cairomm-1.0/include -I/usr/include/sigc++-2.0 -I/usr/lib/x86_64-linux-gnu/sigc++-2.0/include -I/usr/include/gtk-3.0 -I/usr/include/at-spi2-atk/2.0 -I/usr/include/at-spi-2.0 -I/usr/include/dbus-1.0 -I/usr/lib/x86_64-linux-gnu/dbus-1.0/include -I/usr/include/gtk-3.0 -I/usr/include/gio-unix-2.0 -I/usr/include/cairo -I/usr/include/pango-1.0 -I/usr/include/fribidi -I/usr/include/harfbuzz -I/usr/include/atk-1.0 -I/usr/include/cairo -I/usr/include/pixman-1 -I/usr/include/uuid -I/usr/include/freetype2 -I/usr/include/libpng16 -I/usr/include/gdk-pixbuf-2.0 -I/usr/include/libmount -I/usr/include/blkid -I/usr/include/glib-2.0 -I/usr/lib/x86_64-linux-gnu/glib-2.0/include'
MM_LIBS='-lgtkmm-3.0 -latkmm-1.6 -lgdkmm-3.0 -lgiomm-2.4 -lpangomm-1.4 -lglibmm-2.4 -lcairomm-1.0 -lsigc-2.0 -lgtk-3 -lgdk-3 -lpangocairo-1.0 -lpango-1.0 -lharfbuzz -latk-1.0 -lcairo-gobject -lcairo -lgdk_pixbuf-2.0 -lgio-2.0 -lgobject-2.0 -lglib-2.0 -lz'
MSGFMT='/usr/bin/msgfmt'
MSGFMT_OPTS='-c'
MSGMERGE='/usr/bin/msgmerge'
NATIVE_WIN32_FALSE=''
NATIVE_WIN32_TRUE='#'
NM='/usr/bin/nm -B'
NMEDIT=''
OBJDUMP='objdump'
OBJEXT='o'
OTOOL64=''
OTOOL=''
PACKAGE='mm'
PACKAGE_BUGREPORT=''
PACKAGE_NAME='mm'
PACKAGE_STRING='mm 0.1'
PACKAGE_TARNAME='mm'
PACKAGE_URL=''
PACKAGE_VERSION='0.1'
PATH_SEPARATOR=':'
PKG_CONFIG='/usr/bin/pkg-config'
PKG_CONFIG_LIBDIR=''
PKG_CONFIG_PATH=''
PLATFORM_WIN32_FALSE=''
PLATFORM_WIN32_TRUE='#'
POFILES=''
POSUB='po'
PO_IN_DATADIR_FALSE=''
PO_IN_DATADIR_TRUE=''
RANLIB='ranlib'
SED='/usr/bin/sed'
SET_MAKE=''
SHELL='/bin/bash'
STRIP='strip'
USE_NLS='yes'
VERSION='0.1'
XGETTEXT='/usr/bin/xgettext'
ac_ct_AR='ar'
ac_ct_CC='gcc'
ac_ct_CXX='g++'
ac_ct_DUMPBIN=''
am__EXEEXT_FALSE=''
am__EXEEXT_TRUE='#'
am__fastdepCC_FALSE='#'
am__fastdepCC_TRUE=''
am__fastdepCXX_FALSE='#'
am__fastdepCXX_TRUE=''
am__include='include'
am__isrc=''
am__leading_dot='.'
am__nodep='_no'
am__quote=''
am__tar='$${TAR-tar} chof - "$$tardir"'
am__untar='$${TAR-tar} xf -'
bindir='${exec_prefix}/bin'
build='x86_64-pc-linux-gnu'
build_alias=''
build_cpu='x86_64'
build_os='linux-gnu'
build_vendor='pc'
datadir='${datarootdir}'
datarootdir='${prefix}/share'
docdir='${datarootdir}/doc/${PACKAGE_TARNAME}'
dvidir='${docdir}'
exec_prefix='${prefix}'
host='x86_64-pc-linux-gnu'
host_alias=''
host_cpu='x86_64'
host_os='linux-gnu'
host_vendor='pc'
htmldir='${docdir}'
includedir='${prefix}/include'
infodir='${datarootdir}/info'
install_sh='${SHELL} /home/denis/AnjutaProject/mm/install-sh'
intltool__v_merge_options_0='-q'
intltool__v_merge_options_='$(intltool__v_merge_options_$(AM_DEFAULT_VERBOSITY))'
libdir='${exec_prefix}/lib'
libexecdir='${exec_prefix}/libexec'
localedir='${datarootdir}/locale'
localstatedir='${prefix}/var'
mandir='${datarootdir}/man'
mkdir_p='$(MKDIR_P)'
oldincludedir='/usr/include'
pdfdir='${docdir}'
prefix='/usr/local'
program_transform_name='s,x,x,'
psdir='${docdir}'
runstatedir='${localstatedir}/run'
sbindir='${exec_prefix}/sbin'
sharedstatedir='${prefix}/com'
sysconfdir='${prefix}/etc'
target_alias=''

## ----------- ##
## confdefs.h. ##
## ----------- ##

/* confdefs.h */
#define PACKAGE_NAME "mm"
#define PACKAGE_TARNAME "mm"
#define PACKAGE_VERSION "0.1"
#define PACKAGE_STRING "mm 0.1"
#define PACKAGE_BUGREPORT ""
#define PACKAGE_URL ""
#define PACKAGE "mm"
#define VERSION "0.1"
#define GETTEXT_PACKAGE "mm"
#define STDC_HEADERS 1
#define HAVE_SYS_TYPES_H 1
#define HAVE_SYS_STAT_H 1
#define HAVE_STDLIB_H 1
#define HAVE_STRING_H 1
#define HAVE_MEMORY_H 1
#define HAVE_STRINGS_H 1
#define HAVE_INTTYPES_H 1
#define HAVE_STDINT_H 1
#define HAVE_UNISTD_H 1
#define HAVE_LOCALE_H 1
#define HAVE_LC_MESSAGES 1
#define HAVE_BIND_TEXTDOMAIN_CODESET 1
#define HAVE_GETTEXT 1
#define HAVE_DCGETTEXT 1
#define ENABLE_NLS 1
#define HAVE_DLFCN_H 1
#define LT_OBJDIR ".libs/"

configure: exit 0
