This file contains any messages produced by compilers while
running configure, to aid debugging if configure makes a mistake.

It was created by p5mc configure 0.1, which was
generated by GNU Autoconf 2.69.  Invocation command line was

  $ /home/denis/AnjutaProject/p5mc/configure --enable-maintainer-mode CFLAGS=-g -O0 CXXFLAGS=-g -O0 JFLAGS=-g -O0 FFLAGS=-g -O0

## --------- ##
## Platform. ##
## --------- ##

hostname = denis-Inspiron-15-3567
uname -m = x86_64
uname -r = 5.11.0-37-generic
uname -s = Linux
uname -v = #41~20.04.2-Ubuntu SMP Fri Sep 24 09:06:38 UTC 2021

/usr/bin/uname -p = x86_64
/bin/uname -X     = unknown

/bin/arch              = x86_64
/usr/bin/arch -k       = unknown
/usr/convex/getsysinfo = unknown
/usr/bin/hostinfo      = unknown
/bin/machine           = unknown
/usr/bin/oslevel       = unknown
/bin/universe          = unknown

PATH: /usr/local/sbin
PATH: /usr/local/bin
PATH: /usr/sbin
PATH: /usr/bin
PATH: /sbin
PATH: /bin
PATH: /usr/games
PATH: /usr/local/games
PATH: /snap/bin


## ----------- ##
## Core tests. ##
## ----------- ##

configure:2470: checking for a BSD-compatible install
configure:2538: result: /usr/bin/install -c
configure:2549: checking whether build environment is sane
configure:2604: result: yes
configure:2753: checking for a thread-safe mkdir -p
configure:2792: result: /usr/bin/mkdir -p
configure:2799: checking for gawk
configure:2829: result: no
configure:2799: checking for mawk
configure:2815: found /usr/bin/mawk
configure:2826: result: mawk
configure:2837: checking whether make sets $(MAKE)
configure:2859: result: yes
configure:2888: checking whether make supports nested variables
configure:2905: result: yes
configure:3043: checking whether make supports nested variables
configure:3060: result: yes
configure:3120: checking for gcc
configure:3136: found /usr/bin/gcc
configure:3147: result: gcc
configure:3376: checking for C compiler version
configure:3385: gcc --version >&5
gcc (Ubuntu 9.3.0-17ubuntu1~20.04) 9.3.0
Copyright (C) 2019 Free Software Foundation, Inc.
This is free software; see the source for copying conditions.  There is NO
warranty; not even for MERCHANTABILITY or FITNESS FOR A PARTICULAR PURPOSE.

configure:3396: $? = 0
configure:3385: gcc -v >&5
Using built-in specs.
COLLECT_GCC=gcc
COLLECT_LTO_WRAPPER=/usr/lib/gcc/x86_64-linux-gnu/9/lto-wrapper
OFFLOAD_TARGET_NAMES=nvptx-none:hsa
OFFLOAD_TARGET_DEFAULT=1
Target: x86_64-linux-gnu
Configured with: ../src/configure -v --with-pkgversion='Ubuntu 9.3.0-17ubuntu1~20.04' --with-bugurl=file:///usr/share/doc/gcc-9/README.Bugs --enable-languages=c,ada,c++,go,brig,d,fortran,objc,obj-c++,gm2 --prefix=/usr --with-gcc-major-version-only --program-suffix=-9 --program-prefix=x86_64-linux-gnu- --enable-shared --enable-linker-build-id --libexecdir=/usr/lib --without-included-gettext --enable-threads=posix --libdir=/usr/lib --enable-nls --enable-clocale=gnu --enable-libstdcxx-debug --enable-libstdcxx-time=yes --with-default-libstdcxx-abi=new --enable-gnu-unique-object --disable-vtable-verify --enable-plugin --enable-default-pie --with-system-zlib --with-target-system-zlib=auto --enable-objc-gc=auto --enable-multiarch --disable-werror --with-arch-32=i686 --with-abi=m64 --with-multilib-list=m32,m64,mx32 --enable-multilib --with-tune=generic --enable-offload-targets=nvptx-none=/build/gcc-9-HskZEa/gcc-9-9.3.0/debian/tmp-nvptx/usr,hsa --without-cuda-driver --enable-checking=release --build=x86_64-linux-gnu --host=x86_64-linux-gnu --target=x86_64-linux-gnu
Thread model: posix
gcc version 9.3.0 (Ubuntu 9.3.0-17ubuntu1~20.04) 
configure:3396: $? = 0
configure:3385: gcc -V >&5
gcc: error: unrecognized command line option '-V'
gcc: fatal error: no input files
compilation terminated.
configure:3396: $? = 1
configure:3385: gcc -qversion >&5
gcc: error: unrecognized command line option '-qversion'; did you mean '--version'?
gcc: fatal error: no input files
compilation terminated.
configure:3396: $? = 1
configure:3416: checking whether the C compiler works
configure:3438: gcc -g -O0   conftest.c  >&5
configure:3442: $? = 0
configure:3490: result: yes
configure:3493: checking for C compiler default output file name
configure:3495: result: a.out
configure:3501: checking for suffix of executables
configure:3508: gcc -o conftest -g -O0   conftest.c  >&5
configure:3512: $? = 0
configure:3534: result: 
configure:3556: checking whether we are cross compiling
configure:3564: gcc -o conftest -g -O0   conftest.c  >&5
configure:3568: $? = 0
configure:3575: ./conftest
configure:3579: $? = 0
configure:3567: result: no
configure:3572: checking for suffix of object files
configure:3594: gcc -c -g -O0  conftest.c >&5
configure:3598: $? = 0
configure:3619: result: o
configure:3623: checking whether we are using the GNU C compiler
configure:3642: gcc -c -g -O0  conftest.c >&5
configure:3642: $? = 0
configure:3651: result: yes
configure:3660: checking whether gcc accepts -g
configure:3680: gcc -c -g  conftest.c >&5
configure:3680: $? = 0
configure:3721: result: yes
configure:3738: checking for gcc option to accept ISO C89
configure:3801: gcc  -c -g -O0  conftest.c >&5
configure:3801: $? = 0
configure:3814: result: none needed
configure:3839: checking whether gcc understands -c and -o together
configure:3861: gcc -c conftest.c -o conftest2.o
configure:3864: $? = 0
configure:3861: gcc -c conftest.c -o conftest2.o
configure:3864: $? = 0
configure:3876: result: yes
configure:3896: checking whether make supports the include directive
configure:3911: make -f confmf.GNU && cat confinc.out
this is the am__doit target
configure:3914: $? = 0
configure:3933: result: yes (GNU style)
configure:3958: checking dependency style of gcc
configure:4069: result: gcc3
configure:4091: checking how to run the C preprocessor
configure:4122: gcc -E  conftest.c
configure:4122: $? = 0
configure:4136: gcc -E  conftest.c
conftest.c:11:10: fatal error: ac_nonexistent.h: No such file or directory
   11 | #include <ac_nonexistent.h>
      |          ^~~~~~~~~~~~~~~~~~
compilation terminated.
configure:4136: $? = 1
configure: failed program was:
| /* confdefs.h */
| #define PACKAGE_NAME "p5mc"
| #define PACKAGE_TARNAME "p5mc"
| #define PACKAGE_VERSION "0.1"
| #define PACKAGE_STRING "p5mc 0.1"
| #define PACKAGE_BUGREPORT ""
| #define PACKAGE_URL ""
| #define PACKAGE "p5mc"
| #define VERSION "0.1"
| /* end confdefs.h.  */
| #include <ac_nonexistent.h>
configure:4161: result: gcc -E
configure:4181: gcc -E  conftest.c
configure:4181: $? = 0
configure:4195: gcc -E  conftest.c
conftest.c:11:10: fatal error: ac_nonexistent.h: No such file or directory
   11 | #include <ac_nonexistent.h>
      |          ^~~~~~~~~~~~~~~~~~
compilation terminated.
configure:4195: $? = 1
configure: failed program was:
| /* confdefs.h */
| #define PACKAGE_NAME "p5mc"
| #define PACKAGE_TARNAME "p5mc"
| #define PACKAGE_VERSION "0.1"
| #define PACKAGE_STRING "p5mc 0.1"
| #define PACKAGE_BUGREPORT ""
| #define PACKAGE_URL ""
| #define PACKAGE "p5mc"
| #define VERSION "0.1"
| /* end confdefs.h.  */
| #include <ac_nonexistent.h>
configure:4281: checking for g++
configure:4297: found /usr/bin/g++
configure:4308: result: g++
configure:4335: checking for C++ compiler version
configure:4344: g++ --version >&5
g++ (Ubuntu 9.3.0-17ubuntu1~20.04) 9.3.0
Copyright (C) 2019 Free Software Foundation, Inc.
This is free software; see the source for copying conditions.  There is NO
warranty; not even for MERCHANTABILITY or FITNESS FOR A PARTICULAR PURPOSE.

configure:4355: $? = 0
configure:4344: g++ -v >&5
Using built-in specs.
COLLECT_GCC=g++
COLLECT_LTO_WRAPPER=/usr/lib/gcc/x86_64-linux-gnu/9/lto-wrapper
OFFLOAD_TARGET_NAMES=nvptx-none:hsa
OFFLOAD_TARGET_DEFAULT=1
Target: x86_64-linux-gnu
Configured with: ../src/configure -v --with-pkgversion='Ubuntu 9.3.0-17ubuntu1~20.04' --with-bugurl=file:///usr/share/doc/gcc-9/README.Bugs --enable-languages=c,ada,c++,go,brig,d,fortran,objc,obj-c++,gm2 --prefix=/usr --with-gcc-major-version-only --program-suffix=-9 --program-prefix=x86_64-linux-gnu- --enable-shared --enable-linker-build-id --libexecdir=/usr/lib --without-included-gettext --enable-threads=posix --libdir=/usr/lib --enable-nls --enable-clocale=gnu --enable-libstdcxx-debug --enable-libstdcxx-time=yes --with-default-libstdcxx-abi=new --enable-gnu-unique-object --disable-vtable-verify --enable-plugin --enable-default-pie --with-system-zlib --with-target-system-zlib=auto --enable-objc-gc=auto --enable-multiarch --disable-werror --with-arch-32=i686 --with-abi=m64 --with-multilib-list=m32,m64,mx32 --enable-multilib --with-tune=generic --enable-offload-targets=nvptx-none=/build/gcc-9-HskZEa/gcc-9-9.3.0/debian/tmp-nvptx/usr,hsa --without-cuda-driver --enable-checking=release --build=x86_64-linux-gnu --host=x86_64-linux-gnu --target=x86_64-linux-gnu
Thread model: posix
gcc version 9.3.0 (Ubuntu 9.3.0-17ubuntu1~20.04) 
configure:4355: $? = 0
configure:4344: g++ -V >&5
g++: error: unrecognized command line option '-V'
g++: fatal error: no input files
compilation terminated.
configure:4355: $? = 1
configure:4344: g++ -qversion >&5
g++: error: unrecognized command line option '-qversion'; did you mean '--version'?
g++: fatal error: no input files
compilation terminated.
configure:4355: $? = 1
configure:4359: checking whether we are using the GNU C++ compiler
configure:4378: g++ -c -g -O0  conftest.cpp >&5
configure:4378: $? = 0
configure:4387: result: yes
configure:4396: checking whether g++ accepts -g
configure:4416: g++ -c -g  conftest.cpp >&5
configure:4416: $? = 0
configure:4457: result: yes
configure:4482: checking dependency style of g++
configure:4593: result: gcc3
configure:4612: checking whether NLS is requested
configure:4621: result: yes
configure:4639: checking for intltool >= 0.35.0
configure:4641: result: 0.51.0 found
configure:4649: checking for intltool-update
configure:4667: found /usr/bin/intltool-update
configure:4679: result: /usr/bin/intltool-update
configure:4689: checking for intltool-merge
configure:4707: found /usr/bin/intltool-merge
configure:4719: result: /usr/bin/intltool-merge
configure:4729: checking for intltool-extract
configure:4747: found /usr/bin/intltool-extract
configure:4759: result: /usr/bin/intltool-extract
configure:4913: checking for xgettext
configure:4931: found /usr/bin/xgettext
configure:4943: result: /usr/bin/xgettext
configure:4953: checking for msgmerge
configure:4971: found /usr/bin/msgmerge
configure:4983: result: /usr/bin/msgmerge
configure:4993: checking for msgfmt
configure:5011: found /usr/bin/msgfmt
configure:5023: result: /usr/bin/msgfmt
configure:5033: checking for gmsgfmt
configure:5064: result: /usr/bin/msgfmt
configure:5084: checking for perl
configure:5102: found /usr/bin/perl
configure:5114: result: /usr/bin/perl
configure:5125: checking for perl >= 5.8.1
configure:5132: result: 5.30.0
configure:5136: checking for XML::Parser
configure:5139: result: ok
configure:5163: checking for grep that handles long lines and -e
configure:5221: result: /usr/bin/grep
configure:5226: checking for egrep
configure:5288: result: /usr/bin/grep -E
configure:5293: checking for ANSI C header files
configure:5313: gcc -c -g -O0  conftest.c >&5
configure:5313: $? = 0
configure:5386: gcc -o conftest -g -O0   conftest.c  >&5
configure:5386: $? = 0
configure:5386: ./conftest
configure:5386: $? = 0
configure:5397: result: yes
configure:5410: checking for sys/types.h
configure:5410: gcc -c -g -O0  conftest.c >&5
configure:5410: $? = 0
configure:5410: result: yes
configure:5410: checking for sys/stat.h
configure:5410: gcc -c -g -O0  conftest.c >&5
configure:5410: $? = 0
configure:5410: result: yes
configure:5410: checking for stdlib.h
configure:5410: gcc -c -g -O0  conftest.c >&5
configure:5410: $? = 0
configure:5410: result: yes
configure:5410: checking for string.h
configure:5410: gcc -c -g -O0  conftest.c >&5
configure:5410: $? = 0
configure:5410: result: yes
configure:5410: checking for memory.h
configure:5410: gcc -c -g -O0  conftest.c >&5
configure:5410: $? = 0
configure:5410: result: yes
configure:5410: checking for strings.h
configure:5410: gcc -c -g -O0  conftest.c >&5
configure:5410: $? = 0
configure:5410: result: yes
configure:5410: checking for inttypes.h
configure:5410: gcc -c -g -O0  conftest.c >&5
configure:5410: $? = 0
configure:5410: result: yes
configure:5410: checking for stdint.h
configure:5410: gcc -c -g -O0  conftest.c >&5
configure:5410: $? = 0
configure:5410: result: yes
configure:5410: checking for unistd.h
configure:5410: gcc -c -g -O0  conftest.c >&5
configure:5410: $? = 0
configure:5410: result: yes
configure:5425: checking locale.h usability
configure:5425: gcc -c -g -O0  conftest.c >&5
configure:5425: $? = 0
configure:5425: result: yes
configure:5425: checking locale.h presence
configure:5425: gcc -E  conftest.c
configure:5425: $? = 0
configure:5425: result: yes
configure:5425: checking for locale.h
configure:5425: result: yes
configure:5436: checking for LC_MESSAGES
configure:5452: gcc -o conftest -g -O0   conftest.c  >&5
configure:5452: $? = 0
configure:5460: result: yes
configure:5478: checking for CFPreferencesCopyAppValue
configure:5496: gcc -o conftest -g -O0   conftest.c  -Wl,-framework -Wl,CoreFoundation >&5
conftest.c:24:10: fatal error: CoreFoundation/CFPreferences.h: No such file or directory
   24 | #include <CoreFoundation/CFPreferences.h>
      |          ^~~~~~~~~~~~~~~~~~~~~~~~~~~~~~~~
compilation terminated.
configure:5496: $? = 1
configure: failed program was:
| /* confdefs.h */
| #define PACKAGE_NAME "p5mc"
| #define PACKAGE_TARNAME "p5mc"
| #define PACKAGE_VERSION "0.1"
| #define PACKAGE_STRING "p5mc 0.1"
| #define PACKAGE_BUGREPORT ""
| #define PACKAGE_URL ""
| #define PACKAGE "p5mc"
| #define VERSION "0.1"
| #define GETTEXT_PACKAGE "p5mc"
| #define STDC_HEADERS 1
| #define HAVE_SYS_TYPES_H 1
| #define HAVE_SYS_STAT_H 1
| #define HAVE_STDLIB_H 1
| #define HAVE_STRING_H 1
| #define HAVE_MEMORY_H 1
| #define HAVE_STRINGS_H 1
| #define HAVE_INTTYPES_H 1
| #define HAVE_STDINT_H 1
| #define HAVE_UNISTD_H 1
| #define HAVE_LOCALE_H 1
| #define HAVE_LC_MESSAGES 1
| /* end confdefs.h.  */
| #include <CoreFoundation/CFPreferences.h>
| int
| main ()
| {
| CFPreferencesCopyAppValue(NULL, NULL)
|   ;
|   return 0;
| }
configure:5505: result: no
configure:5512: checking for CFLocaleCopyCurrent
configure:5530: gcc -o conftest -g -O0   conftest.c  -Wl,-framework -Wl,CoreFoundation >&5
conftest.c:24:10: fatal error: CoreFoundation/CFLocale.h: No such file or directory
   24 | #include <CoreFoundation/CFLocale.h>
      |          ^~~~~~~~~~~~~~~~~~~~~~~~~~~
compilation terminated.
configure:5530: $? = 1
configure: failed program was:
| /* confdefs.h */
| #define PACKAGE_NAME "p5mc"
| #define PACKAGE_TARNAME "p5mc"
| #define PACKAGE_VERSION "0.1"
| #define PACKAGE_STRING "p5mc 0.1"
| #define PACKAGE_BUGREPORT ""
| #define PACKAGE_URL ""
| #define PACKAGE "p5mc"
| #define VERSION "0.1"
| #define GETTEXT_PACKAGE "p5mc"
| #define STDC_HEADERS 1
| #define HAVE_SYS_TYPES_H 1
| #define HAVE_SYS_STAT_H 1
| #define HAVE_STDLIB_H 1
| #define HAVE_STRING_H 1
| #define HAVE_MEMORY_H 1
| #define HAVE_STRINGS_H 1
| #define HAVE_INTTYPES_H 1
| #define HAVE_STDINT_H 1
| #define HAVE_UNISTD_H 1
| #define HAVE_LOCALE_H 1
| #define HAVE_LC_MESSAGES 1
| /* end confdefs.h.  */
| #include <CoreFoundation/CFLocale.h>
| int
| main ()
| {
| CFLocaleCopyCurrent();
|   ;
|   return 0;
| }
configure:5539: result: no
configure:5553: checking libintl.h usability
configure:5553: gcc -c -g -O0  conftest.c >&5
configure:5553: $? = 0
configure:5553: result: yes
configure:5553: checking libintl.h presence
configure:5553: gcc -E  conftest.c
configure:5553: $? = 0
configure:5553: result: yes
configure:5553: checking for libintl.h
configure:5553: result: yes
configure:5561: checking for ngettext in libc
configure:5579: gcc -o conftest -g -O0   conftest.c  >&5
configure:5579: $? = 0
configure:5588: result: yes
configure:5592: checking for dgettext in libc
configure:5610: gcc -o conftest -g -O0   conftest.c  >&5
configure:5610: $? = 0
configure:5619: result: yes
configure:5626: checking for bind_textdomain_codeset
configure:5626: gcc -o conftest -g -O0   conftest.c  >&5
configure:5626: $? = 0
configure:5626: result: yes
configure:5902: checking for msgfmt
configure:5929: result: /usr/bin/msgfmt
configure:5940: checking for dcgettext
configure:5940: gcc -o conftest -g -O0   conftest.c   >&5
conftest.c:49:6: warning: conflicting types for built-in function 'dcgettext'; expected 'char *(const char *, const char *, int)' [-Wbuiltin-declaration-mismatch]
   49 | char dcgettext ();
      |      ^~~~~~~~~
configure:5940: $? = 0
configure:5940: result: yes
configure:5950: checking if msgfmt accepts -c
configure:5965: $MSGFMT -c -o /dev/null conftest.foo
conftest.foo:3: warning: header field 'Language' missing in header
configure:5968: $? = 0
configure:5970: result: yes
configure:5980: checking for gmsgfmt
configure:6011: result: /usr/bin/msgfmt
configure:6021: checking for xgettext
configure:6048: result: /usr/bin/xgettext
configure:6067: gcc -o conftest -g -O0   conftest.c   >&5
configure:6067: $? = 0
configure:6213: checking build system type
configure:6227: result: x86_64-pc-linux-gnu
configure:6247: checking host system type
configure:6260: result: x86_64-pc-linux-gnu
configure:6359: checking how to print strings
configure:6386: result: printf
configure:6407: checking for a sed that does not truncate output
configure:6471: result: /usr/bin/sed
configure:6489: checking for fgrep
configure:6551: result: /usr/bin/grep -F
configure:6586: checking for ld used by gcc
configure:6653: result: /usr/bin/ld
configure:6660: checking if the linker (/usr/bin/ld) is GNU ld
configure:6675: result: yes
configure:6687: checking for BSD- or MS-compatible name lister (nm)
configure:6741: result: /usr/bin/nm -B
configure:6871: checking the name lister (/usr/bin/nm -B) interface
configure:6878: gcc -c -g -O0  conftest.c >&5
configure:6881: /usr/bin/nm -B "conftest.o"
configure:6884: output
0000000000000000 B some_variable
configure:6885: result: BSD nm
configure:6888: checking whether ln -s works
configure:6892: result: yes
configure:6900: checking the maximum length of command line arguments
configure:7031: result: 1572864
configure:7079: checking how to convert x86_64-pc-linux-gnu file names to x86_64-pc-linux-gnu format
configure:7119: result: func_convert_file_noop
configure:7126: checking how to convert x86_64-pc-linux-gnu file names to toolchain format
configure:7146: result: func_convert_file_noop
configure:7153: checking for /usr/bin/ld option to reload object files
configure:7160: result: -r
configure:7234: checking for objdump
configure:7250: found /usr/bin/objdump
configure:7261: result: objdump
configure:7290: checking how to recognize dependent libraries
configure:7490: result: pass_all
configure:7575: checking for dlltool
configure:7605: result: no
configure:7632: checking how to associate runtime and link libraries
configure:7659: result: printf %s\n
configure:7719: checking for ar
configure:7735: found /usr/bin/ar
configure:7746: result: ar
configure:7783: checking for archiver @FILE support
configure:7800: gcc -c -g -O0  conftest.c >&5
configure:7800: $? = 0
configure:7803: ar cr libconftest.a @conftest.lst >&5
configure:7806: $? = 0
configure:7811: ar cr libconftest.a @conftest.lst >&5
ar: conftest.o: No such file or directory
configure:7814: $? = 1
configure:7813: result: @
configure:7871: checking for strip
configure:7887: found /usr/bin/strip
configure:7898: result: strip
configure:7970: checking for ranlib
configure:7986: found /usr/bin/ranlib
configure:7997: result: ranlib
configure:8099: checking command to parse /usr/bin/nm -B output from gcc object
configure:8252: gcc -c -g -O0  conftest.c >&5
configure:8255: $? = 0
configure:8259: /usr/bin/nm -B conftest.o | sed -n -e 's/^.*[	 ]\([ABCDGIRSTW][ABCDGIRSTW]*\)[	 ][	 ]*\([_A-Za-z][_A-Za-z0-9]*\)$/\1 \2 \2/p' | sed '/ __gnu_lto/d' > conftest.nm
configure:8325: gcc -o conftest -g -O0   conftest.c conftstm.o >&5
configure:8328: $? = 0
configure:8366: result: ok
configure:8413: checking for sysroot
configure:8443: result: no
configure:8450: checking for a working dd
configure:8488: result: /usr/bin/dd
configure:8492: checking how to truncate binary pipes
configure:8507: result: /usr/bin/dd bs=4096 count=1
configure:8643: gcc -c -g -O0  conftest.c >&5
configure:8646: $? = 0
configure:8836: checking for mt
configure:8852: found /usr/bin/mt
configure:8863: result: mt
configure:8886: checking if mt is a manifest tool
configure:8892: mt '-?'
configure:8900: result: no
configure:9574: checking for dlfcn.h
configure:9574: gcc -c -g -O0  conftest.c >&5
configure:9574: $? = 0
configure:9574: result: yes
configure:10139: checking for objdir
configure:10154: result: .libs
configure:10414: checking if gcc supports -fno-rtti -fno-exceptions
configure:10432: gcc -c -g -O0  -fno-rtti -fno-exceptions conftest.c >&5
cc1: warning: command line option '-fno-rtti' is valid for C++/D/ObjC++ but not for C
configure:10436: $? = 0
configure:10449: result: no
configure:10813: checking for gcc option to produce PIC
configure:10820: result: -fPIC -DPIC
configure:10828: checking if gcc PIC flag -fPIC -DPIC works
configure:10846: gcc -c -g -O0  -fPIC -DPIC -DPIC conftest.c >&5
configure:10850: $? = 0
configure:10863: result: yes
configure:10892: checking if gcc static flag -static works
configure:10920: result: yes
configure:10935: checking if gcc supports -c -o file.o
configure:10956: gcc -c -g -O0  -o out/conftest2.o conftest.c >&5
configure:10960: $? = 0
configure:10982: result: yes
configure:10990: checking if gcc supports -c -o file.o
configure:11037: result: yes
configure:11070: checking whether the gcc linker (/usr/bin/ld -m elf_x86_64) supports shared libraries
configure:12333: result: yes
configure:12370: checking whether -lc should be explicitly linked in
configure:12378: gcc -c -g -O0  conftest.c >&5
configure:12381: $? = 0
configure:12396: gcc -shared  -fPIC -DPIC conftest.o  -v -Wl,-soname -Wl,conftest -o conftest 2\>\&1 \| /usr/bin/grep  -lc  \>/dev/null 2\>\&1
configure:12399: $? = 0
configure:12413: result: no
configure:12573: checking dynamic linker characteristics
configure:13154: gcc -o conftest -g -O0   -Wl,-rpath -Wl,/foo conftest.c  >&5
configure:13154: $? = 0
configure:13403: result: GNU/Linux ld.so
configure:13525: checking how to hardcode library paths into programs
configure:13550: result: immediate
configure:14098: checking whether stripping libraries is possible
configure:14103: result: yes
configure:14138: checking if libtool supports shared libraries
configure:14140: result: yes
configure:14143: checking whether to build shared libraries
configure:14168: result: yes
configure:14171: checking whether to build static libraries
configure:14175: result: yes
configure:10974: checking how to run the C++ preprocessor
configure:11001: g++ -E  conftest.cpp
configure:11001: $? = 0
configure:11015: g++ -E  conftest.cpp
conftest.cpp:30:10: fatal error: ac_nonexistent.h: No such file or directory
   30 | #include <ac_nonexistent.h>
      |          ^~~~~~~~~~~~~~~~~~
compilation terminated.
configure:11015: $? = 1
configure: failed program was:
| /* confdefs.h */
| #define PACKAGE_NAME "p5mc"
| #define PACKAGE_TARNAME "p5mc"
| #define PACKAGE_VERSION "0.1"
| #define PACKAGE_STRING "p5mc 0.1"
| #define PACKAGE_BUGREPORT ""
| #define PACKAGE_URL ""
| #define PACKAGE "p5mc"
| #define VERSION "0.1"
| #define GETTEXT_PACKAGE "p5mc"
| #define STDC_HEADERS 1
| #define HAVE_SYS_TYPES_H 1
| #define HAVE_SYS_STAT_H 1
| #define HAVE_STDLIB_H 1
| #define HAVE_STRING_H 1
| #define HAVE_MEMORY_H 1
| #define HAVE_STRINGS_H 1
| #define HAVE_INTTYPES_H 1
| #define HAVE_STDINT_H 1
| #define HAVE_UNISTD_H 1
| #define HAVE_LOCALE_H 1
| #define HAVE_LC_MESSAGES 1
| #define HAVE_BIND_TEXTDOMAIN_CODESET 1
| #define HAVE_GETTEXT 1
| #define HAVE_DCGETTEXT 1
| #define ENABLE_NLS 1
| #define HAVE_DLFCN_H 1
| #define LT_OBJDIR ".libs/"
| /* end confdefs.h.  */
| #include <ac_nonexistent.h>
configure:11040: result: g++ -E
configure:11060: g++ -E  conftest.cpp
configure:11060: $? = 0
configure:11074: g++ -E  conftest.cpp
conftest.cpp:30:10: fatal error: ac_nonexistent.h: No such file or directory
   30 | #include <ac_nonexistent.h>
      |          ^~~~~~~~~~~~~~~~~~
compilation terminated.
configure:11074: $? = 1
configure: failed program was:
| /* confdefs.h */
| #define PACKAGE_NAME "p5mc"
| #define PACKAGE_TARNAME "p5mc"
| #define PACKAGE_VERSION "0.1"
| #define PACKAGE_STRING "p5mc 0.1"
| #define PACKAGE_BUGREPORT ""
| #define PACKAGE_URL ""
| #define PACKAGE "p5mc"
| #define VERSION "0.1"
| #define GETTEXT_PACKAGE "p5mc"
| #define STDC_HEADERS 1
| #define HAVE_SYS_TYPES_H 1
| #define HAVE_SYS_STAT_H 1
| #define HAVE_STDLIB_H 1
| #define HAVE_STRING_H 1
| #define HAVE_MEMORY_H 1
| #define HAVE_STRINGS_H 1
| #define HAVE_INTTYPES_H 1
| #define HAVE_STDINT_H 1
| #define HAVE_UNISTD_H 1
| #define HAVE_LOCALE_H 1
| #define HAVE_LC_MESSAGES 1
| #define HAVE_BIND_TEXTDOMAIN_CODESET 1
| #define HAVE_GETTEXT 1
| #define HAVE_DCGETTEXT 1
| #define ENABLE_NLS 1
| #define HAVE_DLFCN_H 1
| #define LT_OBJDIR ".libs/"
| /* end confdefs.h.  */
| #include <ac_nonexistent.h>
configure:11236: checking for ld used by g++
configure:11303: result: /usr/bin/ld -m elf_x86_64
configure:11310: checking if the linker (/usr/bin/ld -m elf_x86_64) is GNU ld
configure:11325: result: yes
configure:11380: checking whether the g++ linker (/usr/bin/ld -m elf_x86_64) supports shared libraries
configure:12453: result: yes
configure:12489: g++ -c -g -O0  conftest.cpp >&5
configure:12492: $? = 0
configure:12973: checking for g++ option to produce PIC
configure:12980: result: -fPIC -DPIC
configure:12988: checking if g++ PIC flag -fPIC -DPIC works
configure:13006: g++ -c -g -O0  -fPIC -DPIC -DPIC conftest.cpp >&5
configure:13010: $? = 0
configure:13023: result: yes
configure:13046: checking if g++ static flag -static works
configure:13074: result: yes
configure:13086: checking if g++ supports -c -o file.o
configure:13107: g++ -c -g -O0  -o out/conftest2.o conftest.cpp >&5
configure:13111: $? = 0
configure:13133: result: yes
configure:13138: checking if g++ supports -c -o file.o
configure:13185: result: yes
configure:13215: checking whether the g++ linker (/usr/bin/ld -m elf_x86_64) supports shared libraries
configure:13258: result: yes
configure:13399: checking dynamic linker characteristics
configure:14156: result: GNU/Linux ld.so
configure:14221: checking how to hardcode library paths into programs
configure:14246: result: immediate
configure:13194: checking for pkg-config
configure:13212: found /usr/bin/pkg-config
configure:13224: result: /usr/bin/pkg-config
configure:13249: checking pkg-config is at least version 0.9.0
configure:13252: result: yes
configure:13262: checking for P5MC
configure:13269: $PKG_CONFIG --exists --print-errors "gtk+-3.0 >= 2.90.3 form"
configure:13272: $? = 0
configure:13286: $PKG_CONFIG --exists --print-errors "gtk+-3.0 >= 2.90.3 form"
configure:13289: $? = 0
configure:13347: result: yes

## ---------------- ##
## Cache variables. ##
## ---------------- ##

ac_cv_build=x86_64-pc-linux-gnu
ac_cv_c_compiler_gnu=yes
ac_cv_cxx_compiler_gnu=yes
ac_cv_env_CCC_set=
ac_cv_env_CCC_value=
ac_cv_env_CC_set=
ac_cv_env_CC_value=
ac_cv_env_CFLAGS_set=set
ac_cv_env_CFLAGS_value='-g -O0'
ac_cv_env_CPPFLAGS_set=
ac_cv_env_CPPFLAGS_value=
ac_cv_env_CPP_set=
ac_cv_env_CPP_value=
ac_cv_env_CXXCPP_set=
ac_cv_env_CXXCPP_value=
ac_cv_env_CXXFLAGS_set=set
ac_cv_env_CXXFLAGS_value='-g -O0'
ac_cv_env_CXX_set=
ac_cv_env_CXX_value=
ac_cv_env_LDFLAGS_set=
ac_cv_env_LDFLAGS_value=
ac_cv_env_LIBS_set=
ac_cv_env_LIBS_value=
ac_cv_env_LT_SYS_LIBRARY_PATH_set=
ac_cv_env_LT_SYS_LIBRARY_PATH_value=
ac_cv_env_P5MC_CFLAGS_set=
ac_cv_env_P5MC_CFLAGS_value=
ac_cv_env_P5MC_LIBS_set=
ac_cv_env_P5MC_LIBS_value=
ac_cv_env_PKG_CONFIG_LIBDIR_set=
ac_cv_env_PKG_CONFIG_LIBDIR_value=
ac_cv_env_PKG_CONFIG_PATH_set=
ac_cv_env_PKG_CONFIG_PATH_value=
ac_cv_env_PKG_CONFIG_set=
ac_cv_env_PKG_CONFIG_value=
ac_cv_env_build_alias_set=
ac_cv_env_build_alias_value=
ac_cv_env_host_alias_set=
ac_cv_env_host_alias_value=
ac_cv_env_target_alias_set=
ac_cv_env_target_alias_value=
ac_cv_func_bind_textdomain_codeset=yes
ac_cv_func_dcgettext=yes
ac_cv_header_dlfcn_h=yes
ac_cv_header_inttypes_h=yes
ac_cv_header_libintl_h=yes
ac_cv_header_locale_h=yes
ac_cv_header_memory_h=yes
ac_cv_header_stdc=yes
ac_cv_header_stdint_h=yes
ac_cv_header_stdlib_h=yes
ac_cv_header_string_h=yes
ac_cv_header_strings_h=yes
ac_cv_header_sys_stat_h=yes
ac_cv_header_sys_types_h=yes
ac_cv_header_unistd_h=yes
ac_cv_host=x86_64-pc-linux-gnu
ac_cv_objext=o
ac_cv_path_EGREP='/usr/bin/grep -E'
ac_cv_path_FGREP='/usr/bin/grep -F'
ac_cv_path_GMSGFMT=/usr/bin/msgfmt
ac_cv_path_GREP=/usr/bin/grep
ac_cv_path_INTLTOOL_EXTRACT=/usr/bin/intltool-extract
ac_cv_path_INTLTOOL_MERGE=/usr/bin/intltool-merge
ac_cv_path_INTLTOOL_PERL=/usr/bin/perl
ac_cv_path_INTLTOOL_UPDATE=/usr/bin/intltool-update
ac_cv_path_MSGFMT=/usr/bin/msgfmt
ac_cv_path_MSGMERGE=/usr/bin/msgmerge
ac_cv_path_SED=/usr/bin/sed
ac_cv_path_XGETTEXT=/usr/bin/xgettext
ac_cv_path_ac_pt_PKG_CONFIG=/usr/bin/pkg-config
ac_cv_path_install='/usr/bin/install -c'
ac_cv_path_lt_DD=/usr/bin/dd
ac_cv_path_mkdir=/usr/bin/mkdir
ac_cv_prog_AWK=mawk
ac_cv_prog_CPP='gcc -E'
ac_cv_prog_CXXCPP='g++ -E'
ac_cv_prog_ac_ct_AR=ar
ac_cv_prog_ac_ct_CC=gcc
ac_cv_prog_ac_ct_CXX=g++
ac_cv_prog_ac_ct_MANIFEST_TOOL=mt
ac_cv_prog_ac_ct_OBJDUMP=objdump
ac_cv_prog_ac_ct_RANLIB=ranlib
ac_cv_prog_ac_ct_STRIP=strip
ac_cv_prog_cc_c89=
ac_cv_prog_cc_g=yes
ac_cv_prog_cxx_g=yes
ac_cv_prog_make_make_set=yes
am_cv_CC_dependencies_compiler_type=gcc3
am_cv_CXX_dependencies_compiler_type=gcc3
am_cv_make_support_nested_variables=yes
am_cv_prog_cc_c_o=yes
am_cv_val_LC_MESSAGES=yes
gt_cv_func_CFLocaleCopyCurrent=no
gt_cv_func_CFPreferencesCopyAppValue=no
gt_cv_func_dgettext_libc=yes
gt_cv_func_dgettext_libintl=no
gt_cv_func_ngettext_libc=yes
gt_cv_have_gettext=yes
lt_cv_ar_at_file=@
lt_cv_archive_cmds_need_lc=no
lt_cv_deplibs_check_method=pass_all
lt_cv_file_magic_cmd='$MAGIC_CMD'
lt_cv_file_magic_test_file=
lt_cv_ld_reload_flag=-r
lt_cv_nm_interface='BSD nm'
lt_cv_objdir=.libs
lt_cv_path_LD=/usr/bin/ld
lt_cv_path_LDCXX='/usr/bin/ld -m elf_x86_64'
lt_cv_path_NM='/usr/bin/nm -B'
lt_cv_path_mainfest_tool=no
lt_cv_prog_compiler_c_o=yes
lt_cv_prog_compiler_c_o_CXX=yes
lt_cv_prog_compiler_pic='-fPIC -DPIC'
lt_cv_prog_compiler_pic_CXX='-fPIC -DPIC'
lt_cv_prog_compiler_pic_works=yes
lt_cv_prog_compiler_pic_works_CXX=yes
lt_cv_prog_compiler_rtti_exceptions=no
lt_cv_prog_compiler_static_works=yes
lt_cv_prog_compiler_static_works_CXX=yes
lt_cv_prog_gnu_ld=yes
lt_cv_prog_gnu_ldcxx=yes
lt_cv_sharedlib_from_linklib_cmd='printf %s\n'
lt_cv_shlibpath_overrides_runpath=yes
lt_cv_sys_global_symbol_pipe='sed -n -e '\''s/^.*[	 ]\([ABCDGIRSTW][ABCDGIRSTW]*\)[	 ][	 ]*\([_A-Za-z][_A-Za-z0-9]*\)$/\1 \2 \2/p'\'' | sed '\''/ __gnu_lto/d'\'''
lt_cv_sys_global_symbol_to_c_name_address='sed -n -e '\''s/^: \(.*\) .*$/  {"\1", (void *) 0},/p'\'' -e '\''s/^[ABCDGIRSTW][ABCDGIRSTW]* .* \(.*\)$/  {"\1", (void *) \&\1},/p'\'''
lt_cv_sys_global_symbol_to_c_name_address_lib_prefix='sed -n -e '\''s/^: \(.*\) .*$/  {"\1", (void *) 0},/p'\'' -e '\''s/^[ABCDGIRSTW][ABCDGIRSTW]* .* \(lib.*\)$/  {"\1", (void *) \&\1},/p'\'' -e '\''s/^[ABCDGIRSTW][ABCDGIRSTW]* .* \(.*\)$/  {"lib\1", (void *) \&\1},/p'\'''
lt_cv_sys_global_symbol_to_cdecl='sed -n -e '\''s/^T .* \(.*\)$/extern int \1();/p'\'' -e '\''s/^[ABCDGIRSTW][ABCDGIRSTW]* .* \(.*\)$/extern char \1;/p'\'''
lt_cv_sys_global_symbol_to_import=
lt_cv_sys_max_cmd_len=1572864
lt_cv_to_host_file_cmd=func_convert_file_noop
lt_cv_to_tool_file_cmd=func_convert_file_noop
lt_cv_truncate_bin='/usr/bin/dd bs=4096 count=1'
pkg_cv_P5MC_CFLAGS='-pthread -D_DEFAULT_SOURCE -D_XOPEN_SOURCE=600 -D_DEFAULT_SOURCE -D_XOPEN_SOURCE=600 -I/usr/include/gtk-3.0 -I/usr/include/at-spi2-atk/2.0 -I/usr/include/at-spi-2.0 -I/usr/include/dbus-1.0 -I/usr/lib/x86_64-linux-gnu/dbus-1.0/include -I/usr/include/gtk-3.0 -I/usr/include/gio-unix-2.0 -I/usr/include/cairo -I/usr/include/pango-1.0 -I/usr/include/fribidi -I/usr/include/harfbuzz -I/usr/include/atk-1.0 -I/usr/include/cairo -I/usr/include/pixman-1 -I/usr/include/uuid -I/usr/include/freetype2 -I/usr/include/libpng16 -I/usr/include/gdk-pixbuf-2.0 -I/usr/include/libmount -I/usr/include/blkid -I/usr/include/glib-2.0 -I/usr/lib/x86_64-linux-gnu/glib-2.0/include'
pkg_cv_P5MC_LIBS='-lgtk-3 -lgdk-3 -lpangocairo-1.0 -lpango-1.0 -lharfbuzz -latk-1.0 -lcairo-gobject -lcairo -lgdk_pixbuf-2.0 -lgio-2.0 -lgobject-2.0 -lglib-2.0 -Wl,-Bsymbolic-functions -lform'

## ----------------- ##
## Output variables. ##
## ----------------- ##

ACLOCAL='${SHELL} /home/denis/AnjutaProject/p5mc/missing aclocal-1.16'
ALL_LINGUAS=''
AMDEPBACKSLASH='\'
AMDEP_FALSE='#'
AMDEP_TRUE=''
AMTAR='$${TAR-tar}'
AM_BACKSLASH='\'
AM_DEFAULT_V='$(AM_DEFAULT_VERBOSITY)'
AM_DEFAULT_VERBOSITY='0'
AM_V='$(V)'
AR='ar'
AS='as'
AUTOCONF='${SHELL} /home/denis/AnjutaProject/p5mc/missing autoconf'
AUTOHEADER='${SHELL} /home/denis/AnjutaProject/p5mc/missing autoheader'
AUTOMAKE='${SHELL} /home/denis/AnjutaProject/p5mc/missing automake-1.16'
AWK='mawk'
CATALOGS=''
CATOBJEXT='.gmo'
CC='gcc'
CCDEPMODE='depmode=gcc3'
CFLAGS='-g -O0'
CPP='gcc -E'
CPPFLAGS=''
CXX='g++'
CXXCPP='g++ -E'
CXXDEPMODE='depmode=gcc3'
CXXFLAGS='-g -O0'
CYGPATH_W='echo'
DATADIRNAME='share'
DEFS=''
DEPDIR='.deps'
DLLTOOL='false'
DSYMUTIL=''
DUMPBIN=''
ECHO_C=''
ECHO_N='-n'
ECHO_T=''
EGREP='/usr/bin/grep -E'
EXEEXT=''
FGREP='/usr/bin/grep -F'
GETTEXT_PACKAGE='p5mc'
GMOFILES=''
GMSGFMT='/usr/bin/msgfmt'
GREP='/usr/bin/grep'
INSTALL_DATA='${INSTALL} -m 644'
INSTALL_PROGRAM='${INSTALL}'
INSTALL_SCRIPT='${INSTALL}'
INSTALL_STRIP_PROGRAM='$(install_sh) -c -s'
INSTOBJEXT='.mo'
INTLLIBS=''
INTLTOOL_CAVES_RULE='%.caves:     %.caves.in     $(INTLTOOL_MERGE) $(wildcard $(top_srcdir)/po/*.po) ; $(INTLTOOL_V_MERGE)LC_ALL=C $(INTLTOOL_MERGE) $(INTLTOOL_V_MERGE_OPTIONS) -d -u -c $(top_builddir)/po/.intltool-merge-cache $(top_srcdir)/po $< $@'
INTLTOOL_DESKTOP_RULE='%.desktop:   %.desktop.in   $(INTLTOOL_MERGE) $(wildcard $(top_srcdir)/po/*.po) ; $(INTLTOOL_V_MERGE)LC_ALL=C $(INTLTOOL_MERGE) $(INTLTOOL_V_MERGE_OPTIONS) -d -u -c $(top_builddir)/po/.intltool-merge-cache $(top_srcdir)/po $< $@'
INTLTOOL_DIRECTORY_RULE='%.directory: %.directory.in $(INTLTOOL_MERGE) $(wildcard $(top_srcdir)/po/*.po) ; $(INTLTOOL_V_MERGE)LC_ALL=C $(INTLTOOL_MERGE) $(INTLTOOL_V_MERGE_OPTIONS) -d -u -c $(top_builddir)/po/.intltool-merge-cache $(top_srcdir)/po $< $@'
INTLTOOL_EXTRACT='/usr/bin/intltool-extract'
INTLTOOL_KBD_RULE='%.kbd:       %.kbd.in       $(INTLTOOL_MERGE) $(wildcard $(top_srcdir)/po/*.po) ; $(INTLTOOL_V_MERGE)LC_ALL=C $(INTLTOOL_MERGE) $(INTLTOOL_V_MERGE_OPTIONS) -x -u -m -c $(top_builddir)/po/.intltool-merge-cache $(top_srcdir)/po $< $@'
INTLTOOL_KEYS_RULE='%.keys:      %.keys.in      $(INTLTOOL_MERGE) $(wildcard $(top_srcdir)/po/*.po) ; $(INTLTOOL_V_MERGE)LC_ALL=C $(INTLTOOL_MERGE) $(INTLTOOL_V_MERGE_OPTIONS) -k -u -c $(top_builddir)/po/.intltool-merge-cache $(top_srcdir)/po $< $@'
INTLTOOL_MERGE='/usr/bin/intltool-merge'
INTLTOOL_OAF_RULE='%.oaf:       %.oaf.in       $(INTLTOOL_MERGE) $(wildcard $(top_srcdir)/po/*.po) ; $(INTLTOOL_V_MERGE)LC_ALL=C $(INTLTOOL_MERGE) $(INTLTOOL_V_MERGE_OPTIONS) -o -p $(top_srcdir)/po $< $@'
INTLTOOL_PERL='/usr/bin/perl'
INTLTOOL_POLICY_RULE='%.policy:    %.policy.in    $(INTLTOOL_MERGE) $(wildcard $(top_srcdir)/po/*.po) ; $(INTLTOOL_V_MERGE)LC_ALL=C $(INTLTOOL_MERGE) $(INTLTOOL_V_MERGE_OPTIONS) -x -u -c $(top_builddir)/po/.intltool-merge-cache $(top_srcdir)/po $< $@'
INTLTOOL_PONG_RULE='%.pong:      %.pong.in      $(INTLTOOL_MERGE) $(wildcard $(top_srcdir)/po/*.po) ; $(INTLTOOL_V_MERGE)LC_ALL=C $(INTLTOOL_MERGE) $(INTLTOOL_V_MERGE_OPTIONS) -x -u -c $(top_builddir)/po/.intltool-merge-cache $(top_srcdir)/po $< $@'
INTLTOOL_PROP_RULE='%.prop:      %.prop.in      $(INTLTOOL_MERGE) $(wildcard $(top_srcdir)/po/*.po) ; $(INTLTOOL_V_MERGE)LC_ALL=C $(INTLTOOL_MERGE) $(INTLTOOL_V_MERGE_OPTIONS) -d -u -c $(top_builddir)/po/.intltool-merge-cache $(top_srcdir)/po $< $@'
INTLTOOL_SCHEMAS_RULE='%.schemas:   %.schemas.in   $(INTLTOOL_MERGE) $(wildcard $(top_srcdir)/po/*.po) ; $(INTLTOOL_V_MERGE)LC_ALL=C $(INTLTOOL_MERGE) $(INTLTOOL_V_MERGE_OPTIONS) -s -u -c $(top_builddir)/po/.intltool-merge-cache $(top_srcdir)/po $< $@'
INTLTOOL_SERVER_RULE='%.server:    %.server.in    $(INTLTOOL_MERGE) $(wildcard $(top_srcdir)/po/*.po) ; $(INTLTOOL_V_MERGE)LC_ALL=C $(INTLTOOL_MERGE) $(INTLTOOL_V_MERGE_OPTIONS) -o -u -c $(top_builddir)/po/.intltool-merge-cache $(top_srcdir)/po $< $@'
INTLTOOL_SERVICE_RULE='%.service: %.service.in   $(INTLTOOL_MERGE) $(wildcard $(top_srcdir)/po/*.po) ; $(INTLTOOL_V_MERGE)LC_ALL=C $(INTLTOOL_MERGE) $(INTLTOOL_V_MERGE_OPTIONS) -d -u -c $(top_builddir)/po/.intltool-merge-cache $(top_srcdir)/po $< $@'
INTLTOOL_SHEET_RULE='%.sheet:     %.sheet.in     $(INTLTOOL_MERGE) $(wildcard $(top_srcdir)/po/*.po) ; $(INTLTOOL_V_MERGE)LC_ALL=C $(INTLTOOL_MERGE) $(INTLTOOL_V_MERGE_OPTIONS) -x -u -c $(top_builddir)/po/.intltool-merge-cache $(top_srcdir)/po $< $@'
INTLTOOL_SOUNDLIST_RULE='%.soundlist: %.soundlist.in $(INTLTOOL_MERGE) $(wildcard $(top_srcdir)/po/*.po) ; $(INTLTOOL_V_MERGE)LC_ALL=C $(INTLTOOL_MERGE) $(INTLTOOL_V_MERGE_OPTIONS) -d -u -c $(top_builddir)/po/.intltool-merge-cache $(top_srcdir)/po $< $@'
INTLTOOL_THEME_RULE='%.theme:     %.theme.in     $(INTLTOOL_MERGE) $(wildcard $(top_srcdir)/po/*.po) ; $(INTLTOOL_V_MERGE)LC_ALL=C $(INTLTOOL_MERGE) $(INTLTOOL_V_MERGE_OPTIONS) -d -u -c $(top_builddir)/po/.intltool-merge-cache $(top_srcdir)/po $< $@'
INTLTOOL_UI_RULE='%.ui:        %.ui.in        $(INTLTOOL_MERGE) $(wildcard $(top_srcdir)/po/*.po) ; $(INTLTOOL_V_MERGE)LC_ALL=C $(INTLTOOL_MERGE) $(INTLTOOL_V_MERGE_OPTIONS) -x -u -c $(top_builddir)/po/.intltool-merge-cache $(top_srcdir)/po $< $@'
INTLTOOL_UPDATE='/usr/bin/intltool-update'
INTLTOOL_V_MERGE='$(INTLTOOL__v_MERGE_$(V))'
INTLTOOL_V_MERGE_OPTIONS='$(intltool__v_merge_options_$(V))'
INTLTOOL_XAM_RULE='%.xam:       %.xml.in       $(INTLTOOL_MERGE) $(wildcard $(top_srcdir)/po/*.po) ; $(INTLTOOL_V_MERGE)LC_ALL=C $(INTLTOOL_MERGE) $(INTLTOOL_V_MERGE_OPTIONS) -x -u -c $(top_builddir)/po/.intltool-merge-cache $(top_srcdir)/po $< $@'
INTLTOOL_XML_NOMERGE_RULE='%.xml:       %.xml.in       $(INTLTOOL_MERGE) ; $(INTLTOOL_V_MERGE)LC_ALL=C $(INTLTOOL_MERGE) $(INTLTOOL_V_MERGE_OPTIONS) -x -u --no-translations $< $@'
INTLTOOL_XML_RULE='%.xml:       %.xml.in       $(INTLTOOL_MERGE) $(wildcard $(top_srcdir)/po/*.po) ; $(INTLTOOL_V_MERGE)LC_ALL=C $(INTLTOOL_MERGE) $(INTLTOOL_V_MERGE_OPTIONS) -x -u -c $(top_builddir)/po/.intltool-merge-cache $(top_srcdir)/po $< $@'
INTLTOOL__v_MERGE_0='@echo "  ITMRG " $@;'
INTLTOOL__v_MERGE_='$(INTLTOOL__v_MERGE_$(AM_DEFAULT_VERBOSITY))'
INTL_MACOSX_LIBS=''
LD='/usr/bin/ld -m elf_x86_64'
LDFLAGS=''
LIBOBJS=''
LIBS=''
LIBTOOL='$(SHELL) $(top_builddir)/libtool'
LIPO=''
LN_S='ln -s'
LTLIBOBJS=''
LT_SYS_LIBRARY_PATH=''
MAKEINFO='${SHELL} /home/denis/AnjutaProject/p5mc/missing makeinfo'
MANIFEST_TOOL=':'
MKDIR_P='/usr/bin/mkdir -p'
MKINSTALLDIRS='/home/denis/AnjutaProject/p5mc/mkinstalldirs'
MSGFMT='/usr/bin/msgfmt'
MSGFMT_OPTS='-c'
MSGMERGE='/usr/bin/msgmerge'
NATIVE_WIN32_FALSE=''
NATIVE_WIN32_TRUE='#'
NM='/usr/bin/nm -B'
NMEDIT=''
OBJDUMP='objdump'
OBJEXT='o'
OTOOL64=''
OTOOL=''
P5MC_CFLAGS='-pthread -D_DEFAULT_SOURCE -D_XOPEN_SOURCE=600 -D_DEFAULT_SOURCE -D_XOPEN_SOURCE=600 -I/usr/include/gtk-3.0 -I/usr/include/at-spi2-atk/2.0 -I/usr/include/at-spi-2.0 -I/usr/include/dbus-1.0 -I/usr/lib/x86_64-linux-gnu/dbus-1.0/include -I/usr/include/gtk-3.0 -I/usr/include/gio-unix-2.0 -I/usr/include/cairo -I/usr/include/pango-1.0 -I/usr/include/fribidi -I/usr/include/harfbuzz -I/usr/include/atk-1.0 -I/usr/include/cairo -I/usr/include/pixman-1 -I/usr/include/uuid -I/usr/include/freetype2 -I/usr/include/libpng16 -I/usr/include/gdk-pixbuf-2.0 -I/usr/include/libmount -I/usr/include/blkid -I/usr/include/glib-2.0 -I/usr/lib/x86_64-linux-gnu/glib-2.0/include'
P5MC_LIBS='-lgtk-3 -lgdk-3 -lpangocairo-1.0 -lpango-1.0 -lharfbuzz -latk-1.0 -lcairo-gobject -lcairo -lgdk_pixbuf-2.0 -lgio-2.0 -lgobject-2.0 -lglib-2.0 -Wl,-Bsymbolic-functions -lform'
PACKAGE='p5mc'
PACKAGE_BUGREPORT=''
PACKAGE_NAME='p5mc'
PACKAGE_STRING='p5mc 0.1'
PACKAGE_TARNAME='p5mc'
PACKAGE_URL=''
PACKAGE_VERSION='0.1'
PATH_SEPARATOR=':'
PKG_CONFIG='/usr/bin/pkg-config'
PKG_CONFIG_LIBDIR=''
PKG_CONFIG_PATH=''
PLATFORM_WIN32_FALSE=''
PLATFORM_WIN32_TRUE='#'
POFILES=''
POSUB='po'
PO_IN_DATADIR_FALSE=''
PO_IN_DATADIR_TRUE=''
RANLIB='ranlib'
SED='/usr/bin/sed'
SET_MAKE=''
SHELL='/bin/bash'
STRIP='strip'
USE_NLS='yes'
VERSION='0.1'
XGETTEXT='/usr/bin/xgettext'
ac_ct_AR='ar'
ac_ct_CC='gcc'
ac_ct_CXX='g++'
ac_ct_DUMPBIN=''
am__EXEEXT_FALSE=''
am__EXEEXT_TRUE=''
am__fastdepCC_FALSE='#'
am__fastdepCC_TRUE=''
am__fastdepCXX_FALSE='#'
am__fastdepCXX_TRUE=''
am__include='include'
am__isrc=' -I$(srcdir)'
am__leading_dot='.'
am__nodep='_no'
am__quote=''
am__tar='$${TAR-tar} chof - "$$tardir"'
am__untar='$${TAR-tar} xf -'
bindir='${exec_prefix}/bin'
build='x86_64-pc-linux-gnu'
build_alias=''
build_cpu='x86_64'
build_os='linux-gnu'
build_vendor='pc'
datadir='${datarootdir}'
datarootdir='${prefix}/share'
docdir='${datarootdir}/doc/${PACKAGE_TARNAME}'
dvidir='${docdir}'
exec_prefix='NONE'
host='x86_64-pc-linux-gnu'
host_alias=''
host_cpu='x86_64'
host_os='linux-gnu'
host_vendor='pc'
htmldir='${docdir}'
includedir='${prefix}/include'
infodir='${datarootdir}/info'
install_sh='${SHELL} /home/denis/AnjutaProject/p5mc/install-sh'
intltool__v_merge_options_0='-q'
intltool__v_merge_options_='$(intltool__v_merge_options_$(AM_DEFAULT_VERBOSITY))'
libdir='${exec_prefix}/lib'
libexecdir='${exec_prefix}/libexec'
localedir='${datarootdir}/locale'
localstatedir='${prefix}/var'
mandir='${datarootdir}/man'
mkdir_p='$(MKDIR_P)'
oldincludedir='/usr/include'
pdfdir='${docdir}'
prefix='NONE'
program_transform_name='s,x,x,'
psdir='${docdir}'
runstatedir='${localstatedir}/run'
sbindir='${exec_prefix}/sbin'
sharedstatedir='${prefix}/com'
sysconfdir='${prefix}/etc'
target_alias=''

## ----------- ##
## confdefs.h. ##
## ----------- ##

/* confdefs.h */
#define PACKAGE_NAME "p5mc"
#define PACKAGE_TARNAME "p5mc"
#define PACKAGE_VERSION "0.1"
#define PACKAGE_STRING "p5mc 0.1"
#define PACKAGE_BUGREPORT ""
#define PACKAGE_URL ""
#define PACKAGE "p5mc"
#define VERSION "0.1"
#define GETTEXT_PACKAGE "p5mc"
#define STDC_HEADERS 1
#define HAVE_SYS_TYPES_H 1
#define HAVE_SYS_STAT_H 1
#define HAVE_STDLIB_H 1
#define HAVE_STRING_H 1
#define HAVE_MEMORY_H 1
#define HAVE_STRINGS_H 1
#define HAVE_INTTYPES_H 1
#define HAVE_STDINT_H 1
#define HAVE_UNISTD_H 1
#define HAVE_LOCALE_H 1
#define HAVE_LC_MESSAGES 1
#define HAVE_BIND_TEXTDOMAIN_CODESET 1
#define HAVE_GETTEXT 1
#define HAVE_DCGETTEXT 1
#define ENABLE_NLS 1
#define HAVE_DLFCN_H 1
#define LT_OBJDIR ".libs/"

configure: exit 2
