This file contains any messages produced by compilers while
running configure, to aid debugging if configure makes a mistake.

It was created by xs_mm configure 0.1, which was
generated by GNU Autoconf 2.69.  Invocation command line was

  $ /home/denis/AnjutaProject/xs-mm/configure --enable-maintainer-mode

## --------- ##
## Platform. ##
## --------- ##

hostname = denis-Inspiron-15-3567
uname -m = x86_64
uname -r = 5.11.0-36-generic
uname -s = Linux
uname -v = #40~20.04.1-Ubuntu SMP Sat Sep 18 02:14:19 UTC 2021

/usr/bin/uname -p = x86_64
/bin/uname -X     = unknown

/bin/arch              = x86_64
/usr/bin/arch -k       = unknown
/usr/convex/getsysinfo = unknown
/usr/bin/hostinfo      = unknown
/bin/machine           = unknown
/usr/bin/oslevel       = unknown
/bin/universe          = unknown

PATH: /usr/local/sbin
PATH: /usr/local/bin
PATH: /usr/sbin
PATH: /usr/bin
PATH: /sbin
PATH: /bin
PATH: /usr/games
PATH: /usr/local/games
PATH: /snap/bin


## ----------- ##
## Core tests. ##
## ----------- ##

configure:2471: checking for a BSD-compatible install
configure:2539: result: /usr/bin/install -c
configure:2550: checking whether build environment is sane
configure:2605: result: yes
configure:2754: checking for a thread-safe mkdir -p
configure:2793: result: /usr/bin/mkdir -p
configure:2800: checking for gawk
configure:2830: result: no
configure:2800: checking for mawk
configure:2816: found /usr/bin/mawk
configure:2827: result: mawk
configure:2838: checking whether make sets $(MAKE)
configure:2860: result: yes
configure:2889: checking whether make supports nested variables
configure:2906: result: yes
configure:3044: checking whether make supports nested variables
configure:3061: result: yes
configure:3131: checking for g++
configure:3147: found /usr/bin/g++
configure:3158: result: g++
configure:3185: checking for C++ compiler version
configure:3194: g++ --version >&5
g++ (Ubuntu 9.3.0-17ubuntu1~20.04) 9.3.0
Copyright (C) 2019 Free Software Foundation, Inc.
This is free software; see the source for copying conditions.  There is NO
warranty; not even for MERCHANTABILITY or FITNESS FOR A PARTICULAR PURPOSE.

configure:3205: $? = 0
configure:3194: g++ -v >&5
Using built-in specs.
COLLECT_GCC=g++
COLLECT_LTO_WRAPPER=/usr/lib/gcc/x86_64-linux-gnu/9/lto-wrapper
OFFLOAD_TARGET_NAMES=nvptx-none:hsa
OFFLOAD_TARGET_DEFAULT=1
Target: x86_64-linux-gnu
Configured with: ../src/configure -v --with-pkgversion='Ubuntu 9.3.0-17ubuntu1~20.04' --with-bugurl=file:///usr/share/doc/gcc-9/README.Bugs --enable-languages=c,ada,c++,go,brig,d,fortran,objc,obj-c++,gm2 --prefix=/usr --with-gcc-major-version-only --program-suffix=-9 --program-prefix=x86_64-linux-gnu- --enable-shared --enable-linker-build-id --libexecdir=/usr/lib --without-included-gettext --enable-threads=posix --libdir=/usr/lib --enable-nls --enable-clocale=gnu --enable-libstdcxx-debug --enable-libstdcxx-time=yes --with-default-libstdcxx-abi=new --enable-gnu-unique-object --disable-vtable-verify --enable-plugin --enable-default-pie --with-system-zlib --with-target-system-zlib=auto --enable-objc-gc=auto --enable-multiarch --disable-werror --with-arch-32=i686 --with-abi=m64 --with-multilib-list=m32,m64,mx32 --enable-multilib --with-tune=generic --enable-offload-targets=nvptx-none=/build/gcc-9-HskZEa/gcc-9-9.3.0/debian/tmp-nvptx/usr,hsa --without-cuda-driver --enable-checking=release --build=x86_64-linux-gnu --host=x86_64-linux-gnu --target=x86_64-linux-gnu
Thread model: posix
gcc version 9.3.0 (Ubuntu 9.3.0-17ubuntu1~20.04) 
configure:3205: $? = 0
configure:3194: g++ -V >&5
g++: error: unrecognized command line option '-V'
g++: fatal error: no input files
compilation terminated.
configure:3205: $? = 1
configure:3194: g++ -qversion >&5
g++: error: unrecognized command line option '-qversion'; did you mean '--version'?
g++: fatal error: no input files
compilation terminated.
configure:3205: $? = 1
configure:3225: checking whether the C++ compiler works
configure:3247: g++    conftest.cpp  >&5
configure:3251: $? = 0
configure:3299: result: yes
configure:3302: checking for C++ compiler default output file name
configure:3304: result: a.out
configure:3310: checking for suffix of executables
configure:3317: g++ -o conftest    conftest.cpp  >&5
configure:3321: $? = 0
configure:3343: result: 
configure:3365: checking whether we are cross compiling
configure:3373: g++ -o conftest    conftest.cpp  >&5
configure:3377: $? = 0
configure:3384: ./conftest
configure:3388: $? = 0
configure:3376: result: no
configure:3381: checking for suffix of object files
configure:3403: g++ -c   conftest.cpp >&5
configure:3407: $? = 0
configure:3428: result: o
configure:3432: checking whether we are using the GNU C++ compiler
configure:3451: g++ -c   conftest.cpp >&5
configure:3451: $? = 0
configure:3460: result: yes
configure:3469: checking whether g++ accepts -g
configure:3489: g++ -c -g  conftest.cpp >&5
configure:3489: $? = 0
configure:3530: result: yes
configure:3556: checking whether make supports the include directive
configure:3571: make -f confmf.GNU && cat confinc.out
this is the am__doit target
configure:3574: $? = 0
configure:3593: result: yes (GNU style)
configure:3618: checking dependency style of g++
configure:3729: result: gcc3
configure:3749: checking whether NLS is requested
configure:3758: result: yes
configure:3776: checking for intltool >= 0.35.0
configure:3778: result: 0.51.0 found
configure:3786: checking for intltool-update
configure:3804: found /usr/bin/intltool-update
configure:3816: result: /usr/bin/intltool-update
configure:3826: checking for intltool-merge
configure:3844: found /usr/bin/intltool-merge
configure:3856: result: /usr/bin/intltool-merge
configure:3866: checking for intltool-extract
configure:3884: found /usr/bin/intltool-extract
configure:3896: result: /usr/bin/intltool-extract
configure:4050: checking for xgettext
configure:4068: found /usr/bin/xgettext
configure:4080: result: /usr/bin/xgettext
configure:4090: checking for msgmerge
configure:4108: found /usr/bin/msgmerge
configure:4120: result: /usr/bin/msgmerge
configure:4130: checking for msgfmt
configure:4148: found /usr/bin/msgfmt
configure:4160: result: /usr/bin/msgfmt
configure:4170: checking for gmsgfmt
configure:4201: result: /usr/bin/msgfmt
configure:4221: checking for perl
configure:4239: found /usr/bin/perl
configure:4251: result: /usr/bin/perl
configure:4262: checking for perl >= 5.8.1
configure:4269: result: 5.30.0
configure:4273: checking for XML::Parser
configure:4276: result: ok
configure:4345: checking for gcc
configure:4361: found /usr/bin/gcc
configure:4372: result: gcc
configure:4601: checking for C compiler version
configure:4610: gcc --version >&5
gcc (Ubuntu 9.3.0-17ubuntu1~20.04) 9.3.0
Copyright (C) 2019 Free Software Foundation, Inc.
This is free software; see the source for copying conditions.  There is NO
warranty; not even for MERCHANTABILITY or FITNESS FOR A PARTICULAR PURPOSE.

configure:4621: $? = 0
configure:4610: gcc -v >&5
Using built-in specs.
COLLECT_GCC=gcc
COLLECT_LTO_WRAPPER=/usr/lib/gcc/x86_64-linux-gnu/9/lto-wrapper
OFFLOAD_TARGET_NAMES=nvptx-none:hsa
OFFLOAD_TARGET_DEFAULT=1
Target: x86_64-linux-gnu
Configured with: ../src/configure -v --with-pkgversion='Ubuntu 9.3.0-17ubuntu1~20.04' --with-bugurl=file:///usr/share/doc/gcc-9/README.Bugs --enable-languages=c,ada,c++,go,brig,d,fortran,objc,obj-c++,gm2 --prefix=/usr --with-gcc-major-version-only --program-suffix=-9 --program-prefix=x86_64-linux-gnu- --enable-shared --enable-linker-build-id --libexecdir=/usr/lib --without-included-gettext --enable-threads=posix --libdir=/usr/lib --enable-nls --enable-clocale=gnu --enable-libstdcxx-debug --enable-libstdcxx-time=yes --with-default-libstdcxx-abi=new --enable-gnu-unique-object --disable-vtable-verify --enable-plugin --enable-default-pie --with-system-zlib --with-target-system-zlib=auto --enable-objc-gc=auto --enable-multiarch --disable-werror --with-arch-32=i686 --with-abi=m64 --with-multilib-list=m32,m64,mx32 --enable-multilib --with-tune=generic --enable-offload-targets=nvptx-none=/build/gcc-9-HskZEa/gcc-9-9.3.0/debian/tmp-nvptx/usr,hsa --without-cuda-driver --enable-checking=release --build=x86_64-linux-gnu --host=x86_64-linux-gnu --target=x86_64-linux-gnu
Thread model: posix
gcc version 9.3.0 (Ubuntu 9.3.0-17ubuntu1~20.04) 
configure:4621: $? = 0
configure:4610: gcc -V >&5
gcc: error: unrecognized command line option '-V'
gcc: fatal error: no input files
compilation terminated.
configure:4621: $? = 1
configure:4610: gcc -qversion >&5
gcc: error: unrecognized command line option '-qversion'; did you mean '--version'?
gcc: fatal error: no input files
compilation terminated.
configure:4621: $? = 1
configure:4625: checking whether we are using the GNU C compiler
configure:4644: gcc -c   conftest.c >&5
configure:4644: $? = 0
configure:4653: result: yes
configure:4662: checking whether gcc accepts -g
configure:4682: gcc -c -g  conftest.c >&5
configure:4682: $? = 0
configure:4723: result: yes
configure:4740: checking for gcc option to accept ISO C89
configure:4803: gcc  -c -g -O2  conftest.c >&5
configure:4803: $? = 0
configure:4816: result: none needed
configure:4841: checking whether gcc understands -c and -o together
configure:4863: gcc -c conftest.c -o conftest2.o
configure:4866: $? = 0
configure:4863: gcc -c conftest.c -o conftest2.o
configure:4866: $? = 0
configure:4878: result: yes
configure:4897: checking dependency style of gcc
configure:5008: result: gcc3
configure:5029: checking how to run the C preprocessor
configure:5060: gcc -E  conftest.c
configure:5060: $? = 0
configure:5074: gcc -E  conftest.c
conftest.c:12:10: fatal error: ac_nonexistent.h: No such file or directory
   12 | #include <ac_nonexistent.h>
      |          ^~~~~~~~~~~~~~~~~~
compilation terminated.
configure:5074: $? = 1
configure: failed program was:
| /* confdefs.h */
| #define PACKAGE_NAME "xs_mm"
| #define PACKAGE_TARNAME "xs_mm"
| #define PACKAGE_VERSION "0.1"
| #define PACKAGE_STRING "xs_mm 0.1"
| #define PACKAGE_BUGREPORT ""
| #define PACKAGE_URL ""
| #define PACKAGE "xs_mm"
| #define VERSION "0.1"
| #define GETTEXT_PACKAGE "xs_mm"
| /* end confdefs.h.  */
| #include <ac_nonexistent.h>
configure:5099: result: gcc -E
configure:5119: gcc -E  conftest.c
configure:5119: $? = 0
configure:5133: gcc -E  conftest.c
conftest.c:12:10: fatal error: ac_nonexistent.h: No such file or directory
   12 | #include <ac_nonexistent.h>
      |          ^~~~~~~~~~~~~~~~~~
compilation terminated.
configure:5133: $? = 1
configure: failed program was:
| /* confdefs.h */
| #define PACKAGE_NAME "xs_mm"
| #define PACKAGE_TARNAME "xs_mm"
| #define PACKAGE_VERSION "0.1"
| #define PACKAGE_STRING "xs_mm 0.1"
| #define PACKAGE_BUGREPORT ""
| #define PACKAGE_URL ""
| #define PACKAGE "xs_mm"
| #define VERSION "0.1"
| #define GETTEXT_PACKAGE "xs_mm"
| /* end confdefs.h.  */
| #include <ac_nonexistent.h>
configure:5162: checking for grep that handles long lines and -e
configure:5220: result: /usr/bin/grep
configure:5225: checking for egrep
configure:5287: result: /usr/bin/grep -E
configure:5292: checking for ANSI C header files
configure:5312: gcc -c -g -O2  conftest.c >&5
configure:5312: $? = 0
configure:5385: gcc -o conftest -g -O2   conftest.c  >&5
configure:5385: $? = 0
configure:5385: ./conftest
configure:5385: $? = 0
configure:5396: result: yes
configure:5409: checking for sys/types.h
configure:5409: gcc -c -g -O2  conftest.c >&5
configure:5409: $? = 0
configure:5409: result: yes
configure:5409: checking for sys/stat.h
configure:5409: gcc -c -g -O2  conftest.c >&5
configure:5409: $? = 0
configure:5409: result: yes
configure:5409: checking for stdlib.h
configure:5409: gcc -c -g -O2  conftest.c >&5
configure:5409: $? = 0
configure:5409: result: yes
configure:5409: checking for string.h
configure:5409: gcc -c -g -O2  conftest.c >&5
configure:5409: $? = 0
configure:5409: result: yes
configure:5409: checking for memory.h
configure:5409: gcc -c -g -O2  conftest.c >&5
configure:5409: $? = 0
configure:5409: result: yes
configure:5409: checking for strings.h
configure:5409: gcc -c -g -O2  conftest.c >&5
configure:5409: $? = 0
configure:5409: result: yes
configure:5409: checking for inttypes.h
configure:5409: gcc -c -g -O2  conftest.c >&5
configure:5409: $? = 0
configure:5409: result: yes
configure:5409: checking for stdint.h
configure:5409: gcc -c -g -O2  conftest.c >&5
configure:5409: $? = 0
configure:5409: result: yes
configure:5409: checking for unistd.h
configure:5409: gcc -c -g -O2  conftest.c >&5
configure:5409: $? = 0
configure:5409: result: yes
configure:5424: checking locale.h usability
configure:5424: gcc -c -g -O2  conftest.c >&5
configure:5424: $? = 0
configure:5424: result: yes
configure:5424: checking locale.h presence
configure:5424: gcc -E  conftest.c
configure:5424: $? = 0
configure:5424: result: yes
configure:5424: checking for locale.h
configure:5424: result: yes
configure:5435: checking for LC_MESSAGES
configure:5451: gcc -o conftest -g -O2   conftest.c  >&5
configure:5451: $? = 0
configure:5459: result: yes
configure:5477: checking for CFPreferencesCopyAppValue
configure:5495: gcc -o conftest -g -O2   conftest.c  -Wl,-framework -Wl,CoreFoundation >&5
conftest.c:24:10: fatal error: CoreFoundation/CFPreferences.h: No such file or directory
   24 | #include <CoreFoundation/CFPreferences.h>
      |          ^~~~~~~~~~~~~~~~~~~~~~~~~~~~~~~~
compilation terminated.
configure:5495: $? = 1
configure: failed program was:
| /* confdefs.h */
| #define PACKAGE_NAME "xs_mm"
| #define PACKAGE_TARNAME "xs_mm"
| #define PACKAGE_VERSION "0.1"
| #define PACKAGE_STRING "xs_mm 0.1"
| #define PACKAGE_BUGREPORT ""
| #define PACKAGE_URL ""
| #define PACKAGE "xs_mm"
| #define VERSION "0.1"
| #define GETTEXT_PACKAGE "xs_mm"
| #define STDC_HEADERS 1
| #define HAVE_SYS_TYPES_H 1
| #define HAVE_SYS_STAT_H 1
| #define HAVE_STDLIB_H 1
| #define HAVE_STRING_H 1
| #define HAVE_MEMORY_H 1
| #define HAVE_STRINGS_H 1
| #define HAVE_INTTYPES_H 1
| #define HAVE_STDINT_H 1
| #define HAVE_UNISTD_H 1
| #define HAVE_LOCALE_H 1
| #define HAVE_LC_MESSAGES 1
| /* end confdefs.h.  */
| #include <CoreFoundation/CFPreferences.h>
| int
| main ()
| {
| CFPreferencesCopyAppValue(NULL, NULL)
|   ;
|   return 0;
| }
configure:5504: result: no
configure:5511: checking for CFLocaleCopyCurrent
configure:5529: gcc -o conftest -g -O2   conftest.c  -Wl,-framework -Wl,CoreFoundation >&5
conftest.c:24:10: fatal error: CoreFoundation/CFLocale.h: No such file or directory
   24 | #include <CoreFoundation/CFLocale.h>
      |          ^~~~~~~~~~~~~~~~~~~~~~~~~~~
compilation terminated.
configure:5529: $? = 1
configure: failed program was:
| /* confdefs.h */
| #define PACKAGE_NAME "xs_mm"
| #define PACKAGE_TARNAME "xs_mm"
| #define PACKAGE_VERSION "0.1"
| #define PACKAGE_STRING "xs_mm 0.1"
| #define PACKAGE_BUGREPORT ""
| #define PACKAGE_URL ""
| #define PACKAGE "xs_mm"
| #define VERSION "0.1"
| #define GETTEXT_PACKAGE "xs_mm"
| #define STDC_HEADERS 1
| #define HAVE_SYS_TYPES_H 1
| #define HAVE_SYS_STAT_H 1
| #define HAVE_STDLIB_H 1
| #define HAVE_STRING_H 1
| #define HAVE_MEMORY_H 1
| #define HAVE_STRINGS_H 1
| #define HAVE_INTTYPES_H 1
| #define HAVE_STDINT_H 1
| #define HAVE_UNISTD_H 1
| #define HAVE_LOCALE_H 1
| #define HAVE_LC_MESSAGES 1
| /* end confdefs.h.  */
| #include <CoreFoundation/CFLocale.h>
| int
| main ()
| {
| CFLocaleCopyCurrent();
|   ;
|   return 0;
| }
configure:5538: result: no
configure:5552: checking libintl.h usability
configure:5552: gcc -c -g -O2  conftest.c >&5
configure:5552: $? = 0
configure:5552: result: yes
configure:5552: checking libintl.h presence
configure:5552: gcc -E  conftest.c
configure:5552: $? = 0
configure:5552: result: yes
configure:5552: checking for libintl.h
configure:5552: result: yes
configure:5560: checking for ngettext in libc
configure:5578: gcc -o conftest -g -O2   conftest.c  >&5
configure:5578: $? = 0
configure:5587: result: yes
configure:5591: checking for dgettext in libc
configure:5609: gcc -o conftest -g -O2   conftest.c  >&5
configure:5609: $? = 0
configure:5618: result: yes
configure:5625: checking for bind_textdomain_codeset
configure:5625: gcc -o conftest -g -O2   conftest.c  >&5
configure:5625: $? = 0
configure:5625: result: yes
configure:5901: checking for msgfmt
configure:5928: result: /usr/bin/msgfmt
configure:5939: checking for dcgettext
configure:5939: gcc -o conftest -g -O2   conftest.c   >&5
conftest.c:49:6: warning: conflicting types for built-in function 'dcgettext'; expected 'char *(const char *, const char *, int)' [-Wbuiltin-declaration-mismatch]
   49 | char dcgettext ();
      |      ^~~~~~~~~
configure:5939: $? = 0
configure:5939: result: yes
configure:5949: checking if msgfmt accepts -c
configure:5964: $MSGFMT -c -o /dev/null conftest.foo
conftest.foo:3: warning: header field 'Language' missing in header
configure:5967: $? = 0
configure:5969: result: yes
configure:5979: checking for gmsgfmt
configure:6010: result: /usr/bin/msgfmt
configure:6020: checking for xgettext
configure:6047: result: /usr/bin/xgettext
configure:6066: gcc -o conftest -g -O2   conftest.c   >&5
configure:6066: $? = 0
configure:6212: checking build system type
configure:6226: result: x86_64-pc-linux-gnu
configure:6246: checking host system type
configure:6259: result: x86_64-pc-linux-gnu
configure:6358: checking how to print strings
configure:6385: result: printf
configure:6406: checking for a sed that does not truncate output
configure:6470: result: /usr/bin/sed
configure:6488: checking for fgrep
configure:6550: result: /usr/bin/grep -F
configure:6585: checking for ld used by gcc
configure:6652: result: /usr/bin/ld
configure:6659: checking if the linker (/usr/bin/ld) is GNU ld
configure:6674: result: yes
configure:6686: checking for BSD- or MS-compatible name lister (nm)
configure:6740: result: /usr/bin/nm -B
configure:6870: checking the name lister (/usr/bin/nm -B) interface
configure:6877: gcc -c -g -O2  conftest.c >&5
configure:6880: /usr/bin/nm -B "conftest.o"
configure:6883: output
0000000000000000 B some_variable
configure:6884: result: BSD nm
configure:6887: checking whether ln -s works
configure:6891: result: yes
configure:6899: checking the maximum length of command line arguments
configure:7030: result: 1572864
configure:7078: checking how to convert x86_64-pc-linux-gnu file names to x86_64-pc-linux-gnu format
configure:7118: result: func_convert_file_noop
configure:7125: checking how to convert x86_64-pc-linux-gnu file names to toolchain format
configure:7145: result: func_convert_file_noop
configure:7152: checking for /usr/bin/ld option to reload object files
configure:7159: result: -r
configure:7233: checking for objdump
configure:7249: found /usr/bin/objdump
configure:7260: result: objdump
configure:7289: checking how to recognize dependent libraries
configure:7489: result: pass_all
configure:7574: checking for dlltool
configure:7604: result: no
configure:7631: checking how to associate runtime and link libraries
configure:7658: result: printf %s\n
configure:7718: checking for ar
configure:7734: found /usr/bin/ar
configure:7745: result: ar
configure:7782: checking for archiver @FILE support
configure:7799: gcc -c -g -O2  conftest.c >&5
configure:7799: $? = 0
configure:7802: ar cr libconftest.a @conftest.lst >&5
configure:7805: $? = 0
configure:7810: ar cr libconftest.a @conftest.lst >&5
ar: conftest.o: No such file or directory
configure:7813: $? = 1
configure:7812: result: @
configure:7870: checking for strip
configure:7886: found /usr/bin/strip
configure:7897: result: strip
configure:7969: checking for ranlib
configure:7985: found /usr/bin/ranlib
configure:7996: result: ranlib
configure:8098: checking command to parse /usr/bin/nm -B output from gcc object
configure:8251: gcc -c -g -O2  conftest.c >&5
configure:8254: $? = 0
configure:8258: /usr/bin/nm -B conftest.o | sed -n -e 's/^.*[	 ]\([ABCDGIRSTW][ABCDGIRSTW]*\)[	 ][	 ]*\([_A-Za-z][_A-Za-z0-9]*\)$/\1 \2 \2/p' | sed '/ __gnu_lto/d' > conftest.nm
configure:8324: gcc -o conftest -g -O2   conftest.c conftstm.o >&5
configure:8327: $? = 0
configure:8365: result: ok
configure:8412: checking for sysroot
configure:8442: result: no
configure:8449: checking for a working dd
configure:8487: result: /usr/bin/dd
configure:8491: checking how to truncate binary pipes
configure:8506: result: /usr/bin/dd bs=4096 count=1
configure:8642: gcc -c -g -O2  conftest.c >&5
configure:8645: $? = 0
configure:8835: checking for mt
configure:8851: found /usr/bin/mt
configure:8862: result: mt
configure:8885: checking if mt is a manifest tool
configure:8891: mt '-?'
configure:8899: result: no
configure:9573: checking for dlfcn.h
configure:9573: gcc -c -g -O2  conftest.c >&5
configure:9573: $? = 0
configure:9573: result: yes
configure:10138: checking for objdir
configure:10153: result: .libs
configure:10413: checking if gcc supports -fno-rtti -fno-exceptions
configure:10431: gcc -c -g -O2  -fno-rtti -fno-exceptions conftest.c >&5
cc1: warning: command line option '-fno-rtti' is valid for C++/D/ObjC++ but not for C
configure:10435: $? = 0
configure:10448: result: no
configure:10812: checking for gcc option to produce PIC
configure:10819: result: -fPIC -DPIC
configure:10827: checking if gcc PIC flag -fPIC -DPIC works
configure:10845: gcc -c -g -O2  -fPIC -DPIC -DPIC conftest.c >&5
configure:10849: $? = 0
configure:10862: result: yes
configure:10891: checking if gcc static flag -static works
configure:10919: result: yes
configure:10934: checking if gcc supports -c -o file.o
configure:10955: gcc -c -g -O2  -o out/conftest2.o conftest.c >&5
configure:10959: $? = 0
configure:10981: result: yes
configure:10989: checking if gcc supports -c -o file.o
configure:11036: result: yes
configure:11069: checking whether the gcc linker (/usr/bin/ld -m elf_x86_64) supports shared libraries
configure:12332: result: yes
configure:12369: checking whether -lc should be explicitly linked in
configure:12377: gcc -c -g -O2  conftest.c >&5
configure:12380: $? = 0
configure:12395: gcc -shared  -fPIC -DPIC conftest.o  -v -Wl,-soname -Wl,conftest -o conftest 2\>\&1 \| /usr/bin/grep  -lc  \>/dev/null 2\>\&1
configure:12398: $? = 0
configure:12412: result: no
configure:12572: checking dynamic linker characteristics
configure:13153: gcc -o conftest -g -O2   -Wl,-rpath -Wl,/foo conftest.c  >&5
configure:13153: $? = 0
configure:13402: result: GNU/Linux ld.so
configure:13524: checking how to hardcode library paths into programs
configure:13549: result: immediate
configure:14097: checking whether stripping libraries is possible
configure:14102: result: yes
configure:14137: checking if libtool supports shared libraries
configure:14139: result: yes
configure:14142: checking whether to build shared libraries
configure:14167: result: yes
configure:14170: checking whether to build static libraries
configure:14174: result: yes
configure:10973: checking how to run the C++ preprocessor
configure:11000: g++ -E  conftest.cpp
configure:11000: $? = 0
configure:11014: g++ -E  conftest.cpp
conftest.cpp:30:10: fatal error: ac_nonexistent.h: No such file or directory
   30 | #include <ac_nonexistent.h>
      |          ^~~~~~~~~~~~~~~~~~
compilation terminated.
configure:11014: $? = 1
configure: failed program was:
| /* confdefs.h */
| #define PACKAGE_NAME "xs_mm"
| #define PACKAGE_TARNAME "xs_mm"
| #define PACKAGE_VERSION "0.1"
| #define PACKAGE_STRING "xs_mm 0.1"
| #define PACKAGE_BUGREPORT ""
| #define PACKAGE_URL ""
| #define PACKAGE "xs_mm"
| #define VERSION "0.1"
| #define GETTEXT_PACKAGE "xs_mm"
| #define STDC_HEADERS 1
| #define HAVE_SYS_TYPES_H 1
| #define HAVE_SYS_STAT_H 1
| #define HAVE_STDLIB_H 1
| #define HAVE_STRING_H 1
| #define HAVE_MEMORY_H 1
| #define HAVE_STRINGS_H 1
| #define HAVE_INTTYPES_H 1
| #define HAVE_STDINT_H 1
| #define HAVE_UNISTD_H 1
| #define HAVE_LOCALE_H 1
| #define HAVE_LC_MESSAGES 1
| #define HAVE_BIND_TEXTDOMAIN_CODESET 1
| #define HAVE_GETTEXT 1
| #define HAVE_DCGETTEXT 1
| #define ENABLE_NLS 1
| #define HAVE_DLFCN_H 1
| #define LT_OBJDIR ".libs/"
| /* end confdefs.h.  */
| #include <ac_nonexistent.h>
configure:11039: result: g++ -E
configure:11059: g++ -E  conftest.cpp
configure:11059: $? = 0
configure:11073: g++ -E  conftest.cpp
conftest.cpp:30:10: fatal error: ac_nonexistent.h: No such file or directory
   30 | #include <ac_nonexistent.h>
      |          ^~~~~~~~~~~~~~~~~~
compilation terminated.
configure:11073: $? = 1
configure: failed program was:
| /* confdefs.h */
| #define PACKAGE_NAME "xs_mm"
| #define PACKAGE_TARNAME "xs_mm"
| #define PACKAGE_VERSION "0.1"
| #define PACKAGE_STRING "xs_mm 0.1"
| #define PACKAGE_BUGREPORT ""
| #define PACKAGE_URL ""
| #define PACKAGE "xs_mm"
| #define VERSION "0.1"
| #define GETTEXT_PACKAGE "xs_mm"
| #define STDC_HEADERS 1
| #define HAVE_SYS_TYPES_H 1
| #define HAVE_SYS_STAT_H 1
| #define HAVE_STDLIB_H 1
| #define HAVE_STRING_H 1
| #define HAVE_MEMORY_H 1
| #define HAVE_STRINGS_H 1
| #define HAVE_INTTYPES_H 1
| #define HAVE_STDINT_H 1
| #define HAVE_UNISTD_H 1
| #define HAVE_LOCALE_H 1
| #define HAVE_LC_MESSAGES 1
| #define HAVE_BIND_TEXTDOMAIN_CODESET 1
| #define HAVE_GETTEXT 1
| #define HAVE_DCGETTEXT 1
| #define ENABLE_NLS 1
| #define HAVE_DLFCN_H 1
| #define LT_OBJDIR ".libs/"
| /* end confdefs.h.  */
| #include <ac_nonexistent.h>
configure:11235: checking for ld used by g++
configure:11302: result: /usr/bin/ld -m elf_x86_64
configure:11309: checking if the linker (/usr/bin/ld -m elf_x86_64) is GNU ld
configure:11324: result: yes
configure:11379: checking whether the g++ linker (/usr/bin/ld -m elf_x86_64) supports shared libraries
configure:12452: result: yes
configure:12488: g++ -c -g -O2  conftest.cpp >&5
configure:12491: $? = 0
configure:12972: checking for g++ option to produce PIC
configure:12979: result: -fPIC -DPIC
configure:12987: checking if g++ PIC flag -fPIC -DPIC works
configure:13005: g++ -c -g -O2  -fPIC -DPIC -DPIC conftest.cpp >&5
configure:13009: $? = 0
configure:13022: result: yes
configure:13045: checking if g++ static flag -static works
configure:13073: result: yes
configure:13085: checking if g++ supports -c -o file.o
configure:13106: g++ -c -g -O2  -o out/conftest2.o conftest.cpp >&5
configure:13110: $? = 0
configure:13132: result: yes
configure:13137: checking if g++ supports -c -o file.o
configure:13184: result: yes
configure:13214: checking whether the g++ linker (/usr/bin/ld -m elf_x86_64) supports shared libraries
configure:13257: result: yes
configure:13398: checking dynamic linker characteristics
configure:14155: result: GNU/Linux ld.so
configure:14220: checking how to hardcode library paths into programs
configure:14245: result: immediate
configure:13193: checking for pkg-config
configure:13211: found /usr/bin/pkg-config
configure:13223: result: /usr/bin/pkg-config
configure:13248: checking pkg-config is at least version 0.9.0
configure:13251: result: yes
configure:13261: checking for XS_MM
configure:13268: $PKG_CONFIG --exists --print-errors "gtkmm-3.0 cairomm-1.0"
configure:13271: $? = 0
configure:13285: $PKG_CONFIG --exists --print-errors "gtkmm-3.0 cairomm-1.0"
configure:13288: $? = 0
configure:13346: result: yes
configure:13457: checking that generated files are newer than configure
configure:13463: result: done
configure:13502: creating ./config.status

## ---------------------- ##
## Running config.status. ##
## ---------------------- ##

This file was extended by xs_mm config.status 0.1, which was
generated by GNU Autoconf 2.69.  Invocation command line was

  CONFIG_FILES    = 
  CONFIG_HEADERS  = 
  CONFIG_LINKS    = 
  CONFIG_COMMANDS = 
  $ ./config.status 

on denis-Inspiron-15-3567

config.status:1244: creating Makefile
config.status:1244: creating src/Makefile
config.status:1230: error: cannot find input file: `po/Makefile.inxs/debug/Makefile.in'

## ---------------- ##
## Cache variables. ##
## ---------------- ##

ac_cv_build=x86_64-pc-linux-gnu
ac_cv_c_compiler_gnu=yes
ac_cv_cxx_compiler_gnu=yes
ac_cv_env_CCC_set=
ac_cv_env_CCC_value=
ac_cv_env_CC_set=
ac_cv_env_CC_value=
ac_cv_env_CFLAGS_set=
ac_cv_env_CFLAGS_value=
ac_cv_env_CPPFLAGS_set=
ac_cv_env_CPPFLAGS_value=
ac_cv_env_CPP_set=
ac_cv_env_CPP_value=
ac_cv_env_CXXCPP_set=
ac_cv_env_CXXCPP_value=
ac_cv_env_CXXFLAGS_set=
ac_cv_env_CXXFLAGS_value=
ac_cv_env_CXX_set=
ac_cv_env_CXX_value=
ac_cv_env_LDFLAGS_set=
ac_cv_env_LDFLAGS_value=
ac_cv_env_LIBS_set=
ac_cv_env_LIBS_value=
ac_cv_env_LT_SYS_LIBRARY_PATH_set=
ac_cv_env_LT_SYS_LIBRARY_PATH_value=
ac_cv_env_PKG_CONFIG_LIBDIR_set=
ac_cv_env_PKG_CONFIG_LIBDIR_value=
ac_cv_env_PKG_CONFIG_PATH_set=
ac_cv_env_PKG_CONFIG_PATH_value=
ac_cv_env_PKG_CONFIG_set=
ac_cv_env_PKG_CONFIG_value=
ac_cv_env_XS_MM_CFLAGS_set=
ac_cv_env_XS_MM_CFLAGS_value=
ac_cv_env_XS_MM_LIBS_set=
ac_cv_env_XS_MM_LIBS_value=
ac_cv_env_build_alias_set=
ac_cv_env_build_alias_value=
ac_cv_env_host_alias_set=
ac_cv_env_host_alias_value=
ac_cv_env_target_alias_set=
ac_cv_env_target_alias_value=
ac_cv_func_bind_textdomain_codeset=yes
ac_cv_func_dcgettext=yes
ac_cv_header_dlfcn_h=yes
ac_cv_header_inttypes_h=yes
ac_cv_header_libintl_h=yes
ac_cv_header_locale_h=yes
ac_cv_header_memory_h=yes
ac_cv_header_stdc=yes
ac_cv_header_stdint_h=yes
ac_cv_header_stdlib_h=yes
ac_cv_header_string_h=yes
ac_cv_header_strings_h=yes
ac_cv_header_sys_stat_h=yes
ac_cv_header_sys_types_h=yes
ac_cv_header_unistd_h=yes
ac_cv_host=x86_64-pc-linux-gnu
ac_cv_objext=o
ac_cv_path_EGREP='/usr/bin/grep -E'
ac_cv_path_FGREP='/usr/bin/grep -F'
ac_cv_path_GMSGFMT=/usr/bin/msgfmt
ac_cv_path_GREP=/usr/bin/grep
ac_cv_path_INTLTOOL_EXTRACT=/usr/bin/intltool-extract
ac_cv_path_INTLTOOL_MERGE=/usr/bin/intltool-merge
ac_cv_path_INTLTOOL_PERL=/usr/bin/perl
ac_cv_path_INTLTOOL_UPDATE=/usr/bin/intltool-update
ac_cv_path_MSGFMT=/usr/bin/msgfmt
ac_cv_path_MSGMERGE=/usr/bin/msgmerge
ac_cv_path_SED=/usr/bin/sed
ac_cv_path_XGETTEXT=/usr/bin/xgettext
ac_cv_path_ac_pt_PKG_CONFIG=/usr/bin/pkg-config
ac_cv_path_install='/usr/bin/install -c'
ac_cv_path_lt_DD=/usr/bin/dd
ac_cv_path_mkdir=/usr/bin/mkdir
ac_cv_prog_AWK=mawk
ac_cv_prog_CPP='gcc -E'
ac_cv_prog_CXXCPP='g++ -E'
ac_cv_prog_ac_ct_AR=ar
ac_cv_prog_ac_ct_CC=gcc
ac_cv_prog_ac_ct_CXX=g++
ac_cv_prog_ac_ct_MANIFEST_TOOL=mt
ac_cv_prog_ac_ct_OBJDUMP=objdump
ac_cv_prog_ac_ct_RANLIB=ranlib
ac_cv_prog_ac_ct_STRIP=strip
ac_cv_prog_cc_c89=
ac_cv_prog_cc_g=yes
ac_cv_prog_cxx_g=yes
ac_cv_prog_make_make_set=yes
am_cv_CC_dependencies_compiler_type=gcc3
am_cv_CXX_dependencies_compiler_type=gcc3
am_cv_make_support_nested_variables=yes
am_cv_prog_cc_c_o=yes
am_cv_val_LC_MESSAGES=yes
gt_cv_func_CFLocaleCopyCurrent=no
gt_cv_func_CFPreferencesCopyAppValue=no
gt_cv_func_dgettext_libc=yes
gt_cv_func_dgettext_libintl=no
gt_cv_func_ngettext_libc=yes
gt_cv_have_gettext=yes
lt_cv_ar_at_file=@
lt_cv_archive_cmds_need_lc=no
lt_cv_deplibs_check_method=pass_all
lt_cv_file_magic_cmd='$MAGIC_CMD'
lt_cv_file_magic_test_file=
lt_cv_ld_reload_flag=-r
lt_cv_nm_interface='BSD nm'
lt_cv_objdir=.libs
lt_cv_path_LD=/usr/bin/ld
lt_cv_path_LDCXX='/usr/bin/ld -m elf_x86_64'
lt_cv_path_NM='/usr/bin/nm -B'
lt_cv_path_mainfest_tool=no
lt_cv_prog_compiler_c_o=yes
lt_cv_prog_compiler_c_o_CXX=yes
lt_cv_prog_compiler_pic='-fPIC -DPIC'
lt_cv_prog_compiler_pic_CXX='-fPIC -DPIC'
lt_cv_prog_compiler_pic_works=yes
lt_cv_prog_compiler_pic_works_CXX=yes
lt_cv_prog_compiler_rtti_exceptions=no
lt_cv_prog_compiler_static_works=yes
lt_cv_prog_compiler_static_works_CXX=yes
lt_cv_prog_gnu_ld=yes
lt_cv_prog_gnu_ldcxx=yes
lt_cv_sharedlib_from_linklib_cmd='printf %s\n'
lt_cv_shlibpath_overrides_runpath=yes
lt_cv_sys_global_symbol_pipe='sed -n -e '\''s/^.*[	 ]\([ABCDGIRSTW][ABCDGIRSTW]*\)[	 ][	 ]*\([_A-Za-z][_A-Za-z0-9]*\)$/\1 \2 \2/p'\'' | sed '\''/ __gnu_lto/d'\'''
lt_cv_sys_global_symbol_to_c_name_address='sed -n -e '\''s/^: \(.*\) .*$/  {"\1", (void *) 0},/p'\'' -e '\''s/^[ABCDGIRSTW][ABCDGIRSTW]* .* \(.*\)$/  {"\1", (void *) \&\1},/p'\'''
lt_cv_sys_global_symbol_to_c_name_address_lib_prefix='sed -n -e '\''s/^: \(.*\) .*$/  {"\1", (void *) 0},/p'\'' -e '\''s/^[ABCDGIRSTW][ABCDGIRSTW]* .* \(lib.*\)$/  {"\1", (void *) \&\1},/p'\'' -e '\''s/^[ABCDGIRSTW][ABCDGIRSTW]* .* \(.*\)$/  {"lib\1", (void *) \&\1},/p'\'''
lt_cv_sys_global_symbol_to_cdecl='sed -n -e '\''s/^T .* \(.*\)$/extern int \1();/p'\'' -e '\''s/^[ABCDGIRSTW][ABCDGIRSTW]* .* \(.*\)$/extern char \1;/p'\'''
lt_cv_sys_global_symbol_to_import=
lt_cv_sys_max_cmd_len=1572864
lt_cv_to_host_file_cmd=func_convert_file_noop
lt_cv_to_tool_file_cmd=func_convert_file_noop
lt_cv_truncate_bin='/usr/bin/dd bs=4096 count=1'
pkg_cv_XS_MM_CFLAGS='-pthread -I/usr/include/gtkmm-3.0 -I/usr/lib/x86_64-linux-gnu/gtkmm-3.0/include -I/usr/include/atkmm-1.6 -I/usr/include/gtk-3.0/unix-print -I/usr/include/gdkmm-3.0 -I/usr/lib/x86_64-linux-gnu/gdkmm-3.0/include -I/usr/include/giomm-2.4 -I/usr/lib/x86_64-linux-gnu/giomm-2.4/include -I/usr/include/pangomm-1.4 -I/usr/lib/x86_64-linux-gnu/pangomm-1.4/include -I/usr/include/glibmm-2.4 -I/usr/lib/x86_64-linux-gnu/glibmm-2.4/include -I/usr/include/gtk-3.0 -I/usr/include/at-spi2-atk/2.0 -I/usr/include/at-spi-2.0 -I/usr/include/dbus-1.0 -I/usr/lib/x86_64-linux-gnu/dbus-1.0/include -I/usr/include/gtk-3.0 -I/usr/include/gio-unix-2.0 -I/usr/include/cairo -I/usr/include/pango-1.0 -I/usr/include/fribidi -I/usr/include/harfbuzz -I/usr/include/atk-1.0 -I/usr/include/cairo -I/usr/include/gdk-pixbuf-2.0 -I/usr/include/libmount -I/usr/include/blkid -I/usr/include/cairomm-1.0 -I/usr/lib/x86_64-linux-gnu/cairomm-1.0/include -I/usr/include/cairo -I/usr/include/glib-2.0 -I/usr/lib/x86_64-linux-gnu/glib-2.0/include -I/usr/include/pixman-1 -I/usr/include/uuid -I/usr/include/freetype2 -I/usr/include/libpng16 -I/usr/include/sigc++-2.0 -I/usr/lib/x86_64-linux-gnu/sigc++-2.0/include'
pkg_cv_XS_MM_LIBS='-lgtkmm-3.0 -latkmm-1.6 -lgdkmm-3.0 -lgiomm-2.4 -lpangomm-1.4 -lglibmm-2.4 -lgtk-3 -lgdk-3 -lpangocairo-1.0 -lpango-1.0 -lharfbuzz -latk-1.0 -lcairo-gobject -lgio-2.0 -lgdk_pixbuf-2.0 -lgobject-2.0 -lglib-2.0 -lcairomm-1.0 -lcairo -lsigc-2.0'

## ----------------- ##
## Output variables. ##
## ----------------- ##

ACLOCAL='${SHELL} /home/denis/AnjutaProject/xs-mm/missing aclocal-1.16'
ALL_LINGUAS=''
AMDEPBACKSLASH='\'
AMDEP_FALSE='#'
AMDEP_TRUE=''
AMTAR='$${TAR-tar}'
AM_BACKSLASH='\'
AM_DEFAULT_V='$(AM_DEFAULT_VERBOSITY)'
AM_DEFAULT_VERBOSITY='0'
AM_V='$(V)'
AR='ar'
AS='as'
AUTOCONF='${SHELL} /home/denis/AnjutaProject/xs-mm/missing autoconf'
AUTOHEADER='${SHELL} /home/denis/AnjutaProject/xs-mm/missing autoheader'
AUTOMAKE='${SHELL} /home/denis/AnjutaProject/xs-mm/missing automake-1.16'
AWK='mawk'
CATALOGS=''
CATOBJEXT='.gmo'
CC='gcc'
CCDEPMODE='depmode=gcc3'
CFLAGS='-g -O2'
CPP='gcc -E'
CPPFLAGS=''
CXX='g++'
CXXCPP='g++ -E'
CXXDEPMODE='depmode=gcc3'
CXXFLAGS='-g -O2'
CYGPATH_W='echo'
DATADIRNAME='share'
DEFS='-DHAVE_CONFIG_H'
DEPDIR='.deps'
DLLTOOL='false'
DSYMUTIL=''
DUMPBIN=''
ECHO_C=''
ECHO_N='-n'
ECHO_T=''
EGREP='/usr/bin/grep -E'
EXEEXT=''
FGREP='/usr/bin/grep -F'
GETTEXT_PACKAGE='xs_mm'
GMOFILES=''
GMSGFMT='/usr/bin/msgfmt'
GREP='/usr/bin/grep'
INSTALL_DATA='${INSTALL} -m 644'
INSTALL_PROGRAM='${INSTALL}'
INSTALL_SCRIPT='${INSTALL}'
INSTALL_STRIP_PROGRAM='$(install_sh) -c -s'
INSTOBJEXT='.mo'
INTLLIBS=''
INTLTOOL_CAVES_RULE='%.caves:     %.caves.in     $(INTLTOOL_MERGE) $(wildcard $(top_srcdir)/po/*.po) ; $(INTLTOOL_V_MERGE)LC_ALL=C $(INTLTOOL_MERGE) $(INTLTOOL_V_MERGE_OPTIONS) -d -u -c $(top_builddir)/po/.intltool-merge-cache $(top_srcdir)/po $< $@'
INTLTOOL_DESKTOP_RULE='%.desktop:   %.desktop.in   $(INTLTOOL_MERGE) $(wildcard $(top_srcdir)/po/*.po) ; $(INTLTOOL_V_MERGE)LC_ALL=C $(INTLTOOL_MERGE) $(INTLTOOL_V_MERGE_OPTIONS) -d -u -c $(top_builddir)/po/.intltool-merge-cache $(top_srcdir)/po $< $@'
INTLTOOL_DIRECTORY_RULE='%.directory: %.directory.in $(INTLTOOL_MERGE) $(wildcard $(top_srcdir)/po/*.po) ; $(INTLTOOL_V_MERGE)LC_ALL=C $(INTLTOOL_MERGE) $(INTLTOOL_V_MERGE_OPTIONS) -d -u -c $(top_builddir)/po/.intltool-merge-cache $(top_srcdir)/po $< $@'
INTLTOOL_EXTRACT='/usr/bin/intltool-extract'
INTLTOOL_KBD_RULE='%.kbd:       %.kbd.in       $(INTLTOOL_MERGE) $(wildcard $(top_srcdir)/po/*.po) ; $(INTLTOOL_V_MERGE)LC_ALL=C $(INTLTOOL_MERGE) $(INTLTOOL_V_MERGE_OPTIONS) -x -u -m -c $(top_builddir)/po/.intltool-merge-cache $(top_srcdir)/po $< $@'
INTLTOOL_KEYS_RULE='%.keys:      %.keys.in      $(INTLTOOL_MERGE) $(wildcard $(top_srcdir)/po/*.po) ; $(INTLTOOL_V_MERGE)LC_ALL=C $(INTLTOOL_MERGE) $(INTLTOOL_V_MERGE_OPTIONS) -k -u -c $(top_builddir)/po/.intltool-merge-cache $(top_srcdir)/po $< $@'
INTLTOOL_MERGE='/usr/bin/intltool-merge'
INTLTOOL_OAF_RULE='%.oaf:       %.oaf.in       $(INTLTOOL_MERGE) $(wildcard $(top_srcdir)/po/*.po) ; $(INTLTOOL_V_MERGE)LC_ALL=C $(INTLTOOL_MERGE) $(INTLTOOL_V_MERGE_OPTIONS) -o -p $(top_srcdir)/po $< $@'
INTLTOOL_PERL='/usr/bin/perl'
INTLTOOL_POLICY_RULE='%.policy:    %.policy.in    $(INTLTOOL_MERGE) $(wildcard $(top_srcdir)/po/*.po) ; $(INTLTOOL_V_MERGE)LC_ALL=C $(INTLTOOL_MERGE) $(INTLTOOL_V_MERGE_OPTIONS) -x -u -c $(top_builddir)/po/.intltool-merge-cache $(top_srcdir)/po $< $@'
INTLTOOL_PONG_RULE='%.pong:      %.pong.in      $(INTLTOOL_MERGE) $(wildcard $(top_srcdir)/po/*.po) ; $(INTLTOOL_V_MERGE)LC_ALL=C $(INTLTOOL_MERGE) $(INTLTOOL_V_MERGE_OPTIONS) -x -u -c $(top_builddir)/po/.intltool-merge-cache $(top_srcdir)/po $< $@'
INTLTOOL_PROP_RULE='%.prop:      %.prop.in      $(INTLTOOL_MERGE) $(wildcard $(top_srcdir)/po/*.po) ; $(INTLTOOL_V_MERGE)LC_ALL=C $(INTLTOOL_MERGE) $(INTLTOOL_V_MERGE_OPTIONS) -d -u -c $(top_builddir)/po/.intltool-merge-cache $(top_srcdir)/po $< $@'
INTLTOOL_SCHEMAS_RULE='%.schemas:   %.schemas.in   $(INTLTOOL_MERGE) $(wildcard $(top_srcdir)/po/*.po) ; $(INTLTOOL_V_MERGE)LC_ALL=C $(INTLTOOL_MERGE) $(INTLTOOL_V_MERGE_OPTIONS) -s -u -c $(top_builddir)/po/.intltool-merge-cache $(top_srcdir)/po $< $@'
INTLTOOL_SERVER_RULE='%.server:    %.server.in    $(INTLTOOL_MERGE) $(wildcard $(top_srcdir)/po/*.po) ; $(INTLTOOL_V_MERGE)LC_ALL=C $(INTLTOOL_MERGE) $(INTLTOOL_V_MERGE_OPTIONS) -o -u -c $(top_builddir)/po/.intltool-merge-cache $(top_srcdir)/po $< $@'
INTLTOOL_SERVICE_RULE='%.service: %.service.in   $(INTLTOOL_MERGE) $(wildcard $(top_srcdir)/po/*.po) ; $(INTLTOOL_V_MERGE)LC_ALL=C $(INTLTOOL_MERGE) $(INTLTOOL_V_MERGE_OPTIONS) -d -u -c $(top_builddir)/po/.intltool-merge-cache $(top_srcdir)/po $< $@'
INTLTOOL_SHEET_RULE='%.sheet:     %.sheet.in     $(INTLTOOL_MERGE) $(wildcard $(top_srcdir)/po/*.po) ; $(INTLTOOL_V_MERGE)LC_ALL=C $(INTLTOOL_MERGE) $(INTLTOOL_V_MERGE_OPTIONS) -x -u -c $(top_builddir)/po/.intltool-merge-cache $(top_srcdir)/po $< $@'
INTLTOOL_SOUNDLIST_RULE='%.soundlist: %.soundlist.in $(INTLTOOL_MERGE) $(wildcard $(top_srcdir)/po/*.po) ; $(INTLTOOL_V_MERGE)LC_ALL=C $(INTLTOOL_MERGE) $(INTLTOOL_V_MERGE_OPTIONS) -d -u -c $(top_builddir)/po/.intltool-merge-cache $(top_srcdir)/po $< $@'
INTLTOOL_THEME_RULE='%.theme:     %.theme.in     $(INTLTOOL_MERGE) $(wildcard $(top_srcdir)/po/*.po) ; $(INTLTOOL_V_MERGE)LC_ALL=C $(INTLTOOL_MERGE) $(INTLTOOL_V_MERGE_OPTIONS) -d -u -c $(top_builddir)/po/.intltool-merge-cache $(top_srcdir)/po $< $@'
INTLTOOL_UI_RULE='%.ui:        %.ui.in        $(INTLTOOL_MERGE) $(wildcard $(top_srcdir)/po/*.po) ; $(INTLTOOL_V_MERGE)LC_ALL=C $(INTLTOOL_MERGE) $(INTLTOOL_V_MERGE_OPTIONS) -x -u -c $(top_builddir)/po/.intltool-merge-cache $(top_srcdir)/po $< $@'
INTLTOOL_UPDATE='/usr/bin/intltool-update'
INTLTOOL_V_MERGE='$(INTLTOOL__v_MERGE_$(V))'
INTLTOOL_V_MERGE_OPTIONS='$(intltool__v_merge_options_$(V))'
INTLTOOL_XAM_RULE='%.xam:       %.xml.in       $(INTLTOOL_MERGE) $(wildcard $(top_srcdir)/po/*.po) ; $(INTLTOOL_V_MERGE)LC_ALL=C $(INTLTOOL_MERGE) $(INTLTOOL_V_MERGE_OPTIONS) -x -u -c $(top_builddir)/po/.intltool-merge-cache $(top_srcdir)/po $< $@'
INTLTOOL_XML_NOMERGE_RULE='%.xml:       %.xml.in       $(INTLTOOL_MERGE) ; $(INTLTOOL_V_MERGE)LC_ALL=C $(INTLTOOL_MERGE) $(INTLTOOL_V_MERGE_OPTIONS) -x -u --no-translations $< $@'
INTLTOOL_XML_RULE='%.xml:       %.xml.in       $(INTLTOOL_MERGE) $(wildcard $(top_srcdir)/po/*.po) ; $(INTLTOOL_V_MERGE)LC_ALL=C $(INTLTOOL_MERGE) $(INTLTOOL_V_MERGE_OPTIONS) -x -u -c $(top_builddir)/po/.intltool-merge-cache $(top_srcdir)/po $< $@'
INTLTOOL__v_MERGE_0='@echo "  ITMRG " $@;'
INTLTOOL__v_MERGE_='$(INTLTOOL__v_MERGE_$(AM_DEFAULT_VERBOSITY))'
INTL_MACOSX_LIBS=''
LD='/usr/bin/ld -m elf_x86_64'
LDFLAGS=''
LIBOBJS=''
LIBS=''
LIBTOOL='$(SHELL) $(top_builddir)/libtool'
LIPO=''
LN_S='ln -s'
LTLIBOBJS=''
LT_SYS_LIBRARY_PATH=''
MAKEINFO='${SHELL} /home/denis/AnjutaProject/xs-mm/missing makeinfo'
MANIFEST_TOOL=':'
MKDIR_P='/usr/bin/mkdir -p'
MKINSTALLDIRS='./mkinstalldirs'
MSGFMT='/usr/bin/msgfmt'
MSGFMT_OPTS='-c'
MSGMERGE='/usr/bin/msgmerge'
NATIVE_WIN32_FALSE=''
NATIVE_WIN32_TRUE='#'
NM='/usr/bin/nm -B'
NMEDIT=''
OBJDUMP='objdump'
OBJEXT='o'
OTOOL64=''
OTOOL=''
PACKAGE='xs_mm'
PACKAGE_BUGREPORT=''
PACKAGE_NAME='xs_mm'
PACKAGE_STRING='xs_mm 0.1'
PACKAGE_TARNAME='xs_mm'
PACKAGE_URL=''
PACKAGE_VERSION='0.1'
PATH_SEPARATOR=':'
PKG_CONFIG='/usr/bin/pkg-config'
PKG_CONFIG_LIBDIR=''
PKG_CONFIG_PATH=''
PLATFORM_WIN32_FALSE=''
PLATFORM_WIN32_TRUE='#'
POFILES=''
POSUB='po'
PO_IN_DATADIR_FALSE=''
PO_IN_DATADIR_TRUE=''
RANLIB='ranlib'
SED='/usr/bin/sed'
SET_MAKE=''
SHELL='/bin/bash'
STRIP='strip'
USE_NLS='yes'
VERSION='0.1'
XGETTEXT='/usr/bin/xgettext'
XS_MM_CFLAGS='-pthread -I/usr/include/gtkmm-3.0 -I/usr/lib/x86_64-linux-gnu/gtkmm-3.0/include -I/usr/include/atkmm-1.6 -I/usr/include/gtk-3.0/unix-print -I/usr/include/gdkmm-3.0 -I/usr/lib/x86_64-linux-gnu/gdkmm-3.0/include -I/usr/include/giomm-2.4 -I/usr/lib/x86_64-linux-gnu/giomm-2.4/include -I/usr/include/pangomm-1.4 -I/usr/lib/x86_64-linux-gnu/pangomm-1.4/include -I/usr/include/glibmm-2.4 -I/usr/lib/x86_64-linux-gnu/glibmm-2.4/include -I/usr/include/gtk-3.0 -I/usr/include/at-spi2-atk/2.0 -I/usr/include/at-spi-2.0 -I/usr/include/dbus-1.0 -I/usr/lib/x86_64-linux-gnu/dbus-1.0/include -I/usr/include/gtk-3.0 -I/usr/include/gio-unix-2.0 -I/usr/include/cairo -I/usr/include/pango-1.0 -I/usr/include/fribidi -I/usr/include/harfbuzz -I/usr/include/atk-1.0 -I/usr/include/cairo -I/usr/include/gdk-pixbuf-2.0 -I/usr/include/libmount -I/usr/include/blkid -I/usr/include/cairomm-1.0 -I/usr/lib/x86_64-linux-gnu/cairomm-1.0/include -I/usr/include/cairo -I/usr/include/glib-2.0 -I/usr/lib/x86_64-linux-gnu/glib-2.0/include -I/usr/include/pixman-1 -I/usr/include/uuid -I/usr/include/freetype2 -I/usr/include/libpng16 -I/usr/include/sigc++-2.0 -I/usr/lib/x86_64-linux-gnu/sigc++-2.0/include'
XS_MM_LIBS='-lgtkmm-3.0 -latkmm-1.6 -lgdkmm-3.0 -lgiomm-2.4 -lpangomm-1.4 -lglibmm-2.4 -lgtk-3 -lgdk-3 -lpangocairo-1.0 -lpango-1.0 -lharfbuzz -latk-1.0 -lcairo-gobject -lgio-2.0 -lgdk_pixbuf-2.0 -lgobject-2.0 -lglib-2.0 -lcairomm-1.0 -lcairo -lsigc-2.0'
ac_ct_AR='ar'
ac_ct_CC='gcc'
ac_ct_CXX='g++'
ac_ct_DUMPBIN=''
am__EXEEXT_FALSE=''
am__EXEEXT_TRUE='#'
am__fastdepCC_FALSE='#'
am__fastdepCC_TRUE=''
am__fastdepCXX_FALSE='#'
am__fastdepCXX_TRUE=''
am__include='include'
am__isrc=''
am__leading_dot='.'
am__nodep='_no'
am__quote=''
am__tar='$${TAR-tar} chof - "$$tardir"'
am__untar='$${TAR-tar} xf -'
bindir='${exec_prefix}/bin'
build='x86_64-pc-linux-gnu'
build_alias=''
build_cpu='x86_64'
build_os='linux-gnu'
build_vendor='pc'
datadir='${datarootdir}'
datarootdir='${prefix}/share'
docdir='${datarootdir}/doc/${PACKAGE_TARNAME}'
dvidir='${docdir}'
exec_prefix='${prefix}'
host='x86_64-pc-linux-gnu'
host_alias=''
host_cpu='x86_64'
host_os='linux-gnu'
host_vendor='pc'
htmldir='${docdir}'
includedir='${prefix}/include'
infodir='${datarootdir}/info'
install_sh='${SHELL} /home/denis/AnjutaProject/xs-mm/install-sh'
intltool__v_merge_options_0='-q'
intltool__v_merge_options_='$(intltool__v_merge_options_$(AM_DEFAULT_VERBOSITY))'
libdir='${exec_prefix}/lib'
libexecdir='${exec_prefix}/libexec'
localedir='${datarootdir}/locale'
localstatedir='${prefix}/var'
mandir='${datarootdir}/man'
mkdir_p='$(MKDIR_P)'
oldincludedir='/usr/include'
pdfdir='${docdir}'
prefix='/usr/local'
program_transform_name='s,x,x,'
psdir='${docdir}'
runstatedir='${localstatedir}/run'
sbindir='${exec_prefix}/sbin'
sharedstatedir='${prefix}/com'
sysconfdir='${prefix}/etc'
target_alias=''

## ----------- ##
## confdefs.h. ##
## ----------- ##

/* confdefs.h */
#define PACKAGE_NAME "xs_mm"
#define PACKAGE_TARNAME "xs_mm"
#define PACKAGE_VERSION "0.1"
#define PACKAGE_STRING "xs_mm 0.1"
#define PACKAGE_BUGREPORT ""
#define PACKAGE_URL ""
#define PACKAGE "xs_mm"
#define VERSION "0.1"
#define GETTEXT_PACKAGE "xs_mm"
#define STDC_HEADERS 1
#define HAVE_SYS_TYPES_H 1
#define HAVE_SYS_STAT_H 1
#define HAVE_STDLIB_H 1
#define HAVE_STRING_H 1
#define HAVE_MEMORY_H 1
#define HAVE_STRINGS_H 1
#define HAVE_INTTYPES_H 1
#define HAVE_STDINT_H 1
#define HAVE_UNISTD_H 1
#define HAVE_LOCALE_H 1
#define HAVE_LC_MESSAGES 1
#define HAVE_BIND_TEXTDOMAIN_CODESET 1
#define HAVE_GETTEXT 1
#define HAVE_DCGETTEXT 1
#define ENABLE_NLS 1
#define HAVE_DLFCN_H 1
#define LT_OBJDIR ".libs/"

configure: exit 1
